****** Config File Path: /home/workspace/stedi-application/application.conf
****** Config File Path: /home/workspace/stedi-application/application.conf
Oct 25, 2023 9:00:02 PM com.getsimplex.steptimer.service.KafkaRiskTopicConsumerActor onReceive
INFO: Connecting to Kafka Topic: customer-risk
****** Config File Path: /home/workspace/stedi-application/application.conf
Unable to create test user due to exception: Username already exists
[websocket-akka.actor.default-dispatcher-3] INFO org.apache.kafka.clients.consumer.ConsumerConfig - ConsumerConfig values: 
	allow.auto.create.topics = true
	auto.commit.interval.ms = 5000
	auto.offset.reset = latest
	bootstrap.servers = [localhost:9092]
	check.crcs = true
	client.dns.lookup = use_all_dns_ips
	client.id = consumer-STEDI-1
	client.rack = 
	connections.max.idle.ms = 540000
	default.api.timeout.ms = 60000
	enable.auto.commit = true
	exclude.internal.topics = true
	fetch.max.bytes = 52428800
	fetch.max.wait.ms = 500
	fetch.min.bytes = 1
	group.id = STEDI
	group.instance.id = null
	heartbeat.interval.ms = 3000
	interceptor.classes = []
	internal.leave.group.on.close = true
	internal.throw.on.fetch.stable.offset.unsupported = false
	isolation.level = read_uncommitted
	key.deserializer = class org.apache.kafka.common.serialization.StringDeserializer
	max.partition.fetch.bytes = 1048576
	max.poll.interval.ms = 300000
	max.poll.records = 500
	metadata.max.age.ms = 300000
	metric.reporters = []
	metrics.num.samples = 2
	metrics.recording.level = INFO
	metrics.sample.window.ms = 30000
	partition.assignment.strategy = [class org.apache.kafka.clients.consumer.RangeAssignor]
	receive.buffer.bytes = 65536
	reconnect.backoff.max.ms = 1000
	reconnect.backoff.ms = 50
	request.timeout.ms = 30000
	retry.backoff.ms = 100
	sasl.client.callback.handler.class = null
	sasl.jaas.config = null
	sasl.kerberos.kinit.cmd = /usr/bin/kinit
	sasl.kerberos.min.time.before.relogin = 60000
	sasl.kerberos.service.name = null
	sasl.kerberos.ticket.renew.jitter = 0.05
	sasl.kerberos.ticket.renew.window.factor = 0.8
	sasl.login.callback.handler.class = null
	sasl.login.class = null
	sasl.login.refresh.buffer.seconds = 300
	sasl.login.refresh.min.period.seconds = 60
	sasl.login.refresh.window.factor = 0.8
	sasl.login.refresh.window.jitter = 0.05
	sasl.mechanism = GSSAPI
	security.protocol = PLAINTEXT
	security.providers = null
	send.buffer.bytes = 131072
	session.timeout.ms = 10000
	ssl.cipher.suites = null
	ssl.enabled.protocols = [TLSv1.2]
	ssl.endpoint.identification.algorithm = https
	ssl.engine.factory.class = null
	ssl.key.password = null
	ssl.keymanager.algorithm = SunX509
	ssl.keystore.location = null
	ssl.keystore.password = null
	ssl.keystore.type = JKS
	ssl.protocol = TLSv1.2
	ssl.provider = null
	ssl.secure.random.implementation = null
	ssl.trustmanager.algorithm = PKIX
	ssl.truststore.location = null
	ssl.truststore.password = null
	ssl.truststore.type = JKS
	value.deserializer = class org.apache.kafka.common.serialization.StringDeserializer

Unable to create customer due to exception: Customer already exists
[Thread-1] INFO org.eclipse.jetty.util.log - Logging initialized @4620ms
[Thread-1] INFO spark.webserver.JettySparkServer - == Spark has ignited ...
[Thread-1] INFO spark.webserver.JettySparkServer - >> Listening on 0.0.0.0:3000
[Thread-1] INFO org.eclipse.jetty.server.Server - jetty-9.3.z-SNAPSHOT
[websocket-akka.actor.default-dispatcher-3] INFO org.apache.kafka.common.utils.AppInfoParser - Kafka version: 2.6.0
[websocket-akka.actor.default-dispatcher-3] INFO org.apache.kafka.common.utils.AppInfoParser - Kafka commitId: 62abe01bee039651
[websocket-akka.actor.default-dispatcher-3] INFO org.apache.kafka.common.utils.AppInfoParser - Kafka startTimeMs: 1698267606163
[websocket-akka.actor.default-dispatcher-3] INFO org.apache.kafka.clients.consumer.KafkaConsumer - [Consumer clientId=consumer-STEDI-1, groupId=STEDI] Subscribed to topic(s): stedi-risk-score
[Thread-1] INFO org.eclipse.jetty.server.handler.ContextHandler - Started o.e.j.s.ServletContextHandler@14e31f9a{/,null,AVAILABLE}
[Thread-1] INFO org.eclipse.jetty.server.ServerConnector - Started ServerConnector@189c7f2c{HTTP/1.1,[http/1.1]}{0.0.0.0:3000}
[Thread-1] INFO org.eclipse.jetty.server.Server - Started @7903ms
[websocket-akka.actor.default-dispatcher-3] WARN org.apache.kafka.clients.NetworkClient - [Consumer clientId=consumer-STEDI-1, groupId=STEDI] Connection to node -1 (localhost/127.0.0.1:9092) could not be established. Broker may not be available.
[websocket-akka.actor.default-dispatcher-3] WARN org.apache.kafka.clients.NetworkClient - [Consumer clientId=consumer-STEDI-1, groupId=STEDI] Bootstrap broker localhost:9092 (id: -1 rack: null) disconnected
[websocket-akka.actor.default-dispatcher-3] WARN org.apache.kafka.clients.NetworkClient - [Consumer clientId=consumer-STEDI-1, groupId=STEDI] Connection to node -1 (localhost/127.0.0.1:9092) could not be established. Broker may not be available.
[websocket-akka.actor.default-dispatcher-3] WARN org.apache.kafka.clients.NetworkClient - [Consumer clientId=consumer-STEDI-1, groupId=STEDI] Bootstrap broker localhost:9092 (id: -1 rack: null) disconnected
[websocket-akka.actor.default-dispatcher-3] WARN org.apache.kafka.clients.NetworkClient - [Consumer clientId=consumer-STEDI-1, groupId=STEDI] Connection to node -1 (localhost/127.0.0.1:9092) could not be established. Broker may not be available.
[websocket-akka.actor.default-dispatcher-3] WARN org.apache.kafka.clients.NetworkClient - [Consumer clientId=consumer-STEDI-1, groupId=STEDI] Bootstrap broker localhost:9092 (id: -1 rack: null) disconnected
[websocket-akka.actor.default-dispatcher-3] WARN org.apache.kafka.clients.NetworkClient - [Consumer clientId=consumer-STEDI-1, groupId=STEDI] Connection to node -1 (localhost/127.0.0.1:9092) could not be established. Broker may not be available.
[websocket-akka.actor.default-dispatcher-3] WARN org.apache.kafka.clients.NetworkClient - [Consumer clientId=consumer-STEDI-1, groupId=STEDI] Bootstrap broker localhost:9092 (id: -1 rack: null) disconnected
[websocket-akka.actor.default-dispatcher-3] WARN org.apache.kafka.clients.NetworkClient - [Consumer clientId=consumer-STEDI-1, groupId=STEDI] Connection to node -1 (localhost/127.0.0.1:9092) could not be established. Broker may not be available.
[websocket-akka.actor.default-dispatcher-3] WARN org.apache.kafka.clients.NetworkClient - [Consumer clientId=consumer-STEDI-1, groupId=STEDI] Bootstrap broker localhost:9092 (id: -1 rack: null) disconnected
[websocket-akka.actor.default-dispatcher-3] WARN org.apache.kafka.clients.NetworkClient - [Consumer clientId=consumer-STEDI-1, groupId=STEDI] Connection to node -1 (localhost/127.0.0.1:9092) could not be established. Broker may not be available.
[websocket-akka.actor.default-dispatcher-3] WARN org.apache.kafka.clients.NetworkClient - [Consumer clientId=consumer-STEDI-1, groupId=STEDI] Bootstrap broker localhost:9092 (id: -1 rack: null) disconnected
[websocket-akka.actor.default-dispatcher-3] WARN org.apache.kafka.clients.NetworkClient - [Consumer clientId=consumer-STEDI-1, groupId=STEDI] Connection to node -1 (localhost/127.0.0.1:9092) could not be established. Broker may not be available.
[websocket-akka.actor.default-dispatcher-3] WARN org.apache.kafka.clients.NetworkClient - [Consumer clientId=consumer-STEDI-1, groupId=STEDI] Bootstrap broker localhost:9092 (id: -1 rack: null) disconnected
[websocket-akka.actor.default-dispatcher-3] WARN org.apache.kafka.clients.NetworkClient - [Consumer clientId=consumer-STEDI-1, groupId=STEDI] Connection to node -1 (localhost/127.0.0.1:9092) could not be established. Broker may not be available.
[websocket-akka.actor.default-dispatcher-3] WARN org.apache.kafka.clients.NetworkClient - [Consumer clientId=consumer-STEDI-1, groupId=STEDI] Bootstrap broker localhost:9092 (id: -1 rack: null) disconnected
[websocket-akka.actor.default-dispatcher-3] WARN org.apache.kafka.clients.NetworkClient - [Consumer clientId=consumer-STEDI-1, groupId=STEDI] Connection to node -1 (localhost/127.0.0.1:9092) could not be established. Broker may not be available.
[websocket-akka.actor.default-dispatcher-3] WARN org.apache.kafka.clients.NetworkClient - [Consumer clientId=consumer-STEDI-1, groupId=STEDI] Bootstrap broker localhost:9092 (id: -1 rack: null) disconnected
[websocket-akka.actor.default-dispatcher-3] WARN org.apache.kafka.clients.NetworkClient - [Consumer clientId=consumer-STEDI-1, groupId=STEDI] Connection to node -1 (localhost/127.0.0.1:9092) could not be established. Broker may not be available.
[websocket-akka.actor.default-dispatcher-3] WARN org.apache.kafka.clients.NetworkClient - [Consumer clientId=consumer-STEDI-1, groupId=STEDI] Bootstrap broker localhost:9092 (id: -1 rack: null) disconnected
[websocket-akka.actor.default-dispatcher-3] WARN org.apache.kafka.clients.NetworkClient - [Consumer clientId=consumer-STEDI-1, groupId=STEDI] Connection to node -1 (localhost/127.0.0.1:9092) could not be established. Broker may not be available.
[websocket-akka.actor.default-dispatcher-3] WARN org.apache.kafka.clients.NetworkClient - [Consumer clientId=consumer-STEDI-1, groupId=STEDI] Bootstrap broker localhost:9092 (id: -1 rack: null) disconnected
[websocket-akka.actor.default-dispatcher-3] WARN org.apache.kafka.clients.NetworkClient - [Consumer clientId=consumer-STEDI-1, groupId=STEDI] Connection to node -1 (localhost/127.0.0.1:9092) could not be established. Broker may not be available.
[websocket-akka.actor.default-dispatcher-3] WARN org.apache.kafka.clients.NetworkClient - [Consumer clientId=consumer-STEDI-1, groupId=STEDI] Bootstrap broker localhost:9092 (id: -1 rack: null) disconnected
[websocket-akka.actor.default-dispatcher-3] WARN org.apache.kafka.clients.NetworkClient - [Consumer clientId=consumer-STEDI-1, groupId=STEDI] Connection to node -1 (localhost/127.0.0.1:9092) could not be established. Broker may not be available.
[websocket-akka.actor.default-dispatcher-3] WARN org.apache.kafka.clients.NetworkClient - [Consumer clientId=consumer-STEDI-1, groupId=STEDI] Bootstrap broker localhost:9092 (id: -1 rack: null) disconnected
[websocket-akka.actor.default-dispatcher-3] WARN org.apache.kafka.clients.NetworkClient - [Consumer clientId=consumer-STEDI-1, groupId=STEDI] Connection to node -1 (localhost/127.0.0.1:9092) could not be established. Broker may not be available.
[websocket-akka.actor.default-dispatcher-3] WARN org.apache.kafka.clients.NetworkClient - [Consumer clientId=consumer-STEDI-1, groupId=STEDI] Bootstrap broker localhost:9092 (id: -1 rack: null) disconnected
[websocket-akka.actor.default-dispatcher-3] WARN org.apache.kafka.clients.NetworkClient - [Consumer clientId=consumer-STEDI-1, groupId=STEDI] Connection to node -1 (localhost/127.0.0.1:9092) could not be established. Broker may not be available.
[websocket-akka.actor.default-dispatcher-3] WARN org.apache.kafka.clients.NetworkClient - [Consumer clientId=consumer-STEDI-1, groupId=STEDI] Bootstrap broker localhost:9092 (id: -1 rack: null) disconnected
[websocket-akka.actor.default-dispatcher-3] WARN org.apache.kafka.clients.NetworkClient - [Consumer clientId=consumer-STEDI-1, groupId=STEDI] Connection to node -1 (localhost/127.0.0.1:9092) could not be established. Broker may not be available.
[websocket-akka.actor.default-dispatcher-3] WARN org.apache.kafka.clients.NetworkClient - [Consumer clientId=consumer-STEDI-1, groupId=STEDI] Bootstrap broker localhost:9092 (id: -1 rack: null) disconnected
[websocket-akka.actor.default-dispatcher-3] WARN org.apache.kafka.clients.NetworkClient - [Consumer clientId=consumer-STEDI-1, groupId=STEDI] Connection to node -1 (localhost/127.0.0.1:9092) could not be established. Broker may not be available.
[websocket-akka.actor.default-dispatcher-3] WARN org.apache.kafka.clients.NetworkClient - [Consumer clientId=consumer-STEDI-1, groupId=STEDI] Bootstrap broker localhost:9092 (id: -1 rack: null) disconnected
[websocket-akka.actor.default-dispatcher-3] WARN org.apache.kafka.clients.NetworkClient - [Consumer clientId=consumer-STEDI-1, groupId=STEDI] Connection to node -1 (localhost/127.0.0.1:9092) could not be established. Broker may not be available.
[websocket-akka.actor.default-dispatcher-3] WARN org.apache.kafka.clients.NetworkClient - [Consumer clientId=consumer-STEDI-1, groupId=STEDI] Bootstrap broker localhost:9092 (id: -1 rack: null) disconnected
[websocket-akka.actor.default-dispatcher-3] WARN org.apache.kafka.clients.NetworkClient - [Consumer clientId=consumer-STEDI-1, groupId=STEDI] Error while fetching metadata with correlation id 3 : {stedi-risk-score=LEADER_NOT_AVAILABLE}
[websocket-akka.actor.default-dispatcher-3] INFO org.apache.kafka.clients.Metadata - [Consumer clientId=consumer-STEDI-1, groupId=STEDI] Cluster ID: 39XIXRwrTXCARoFSEj6ijQ
[websocket-akka.actor.default-dispatcher-3] WARN org.apache.kafka.clients.NetworkClient - [Consumer clientId=consumer-STEDI-1, groupId=STEDI] Error while fetching metadata with correlation id 7 : {stedi-risk-score=LEADER_NOT_AVAILABLE}
[websocket-akka.actor.default-dispatcher-3] WARN org.apache.kafka.clients.NetworkClient - [Consumer clientId=consumer-STEDI-1, groupId=STEDI] Error while fetching metadata with correlation id 8 : {stedi-risk-score=LEADER_NOT_AVAILABLE}
[websocket-akka.actor.default-dispatcher-3] WARN org.apache.kafka.clients.NetworkClient - [Consumer clientId=consumer-STEDI-1, groupId=STEDI] Error while fetching metadata with correlation id 10 : {stedi-risk-score=LEADER_NOT_AVAILABLE}
[websocket-akka.actor.default-dispatcher-3] WARN org.apache.kafka.clients.NetworkClient - [Consumer clientId=consumer-STEDI-1, groupId=STEDI] Error while fetching metadata with correlation id 12 : {stedi-risk-score=LEADER_NOT_AVAILABLE}
[websocket-akka.actor.default-dispatcher-3] WARN org.apache.kafka.clients.NetworkClient - [Consumer clientId=consumer-STEDI-1, groupId=STEDI] Error while fetching metadata with correlation id 14 : {stedi-risk-score=LEADER_NOT_AVAILABLE}
[websocket-akka.actor.default-dispatcher-3] INFO org.apache.kafka.clients.consumer.internals.AbstractCoordinator - [Consumer clientId=consumer-STEDI-1, groupId=STEDI] Discovered group coordinator 60fa1d2a4d8f5eb70e6c9acbaeaf466e9156d9de-64f856896c-s4ckd:9092 (id: 2147483647 rack: null)
[websocket-akka.actor.default-dispatcher-3] INFO org.apache.kafka.clients.consumer.internals.AbstractCoordinator - [Consumer clientId=consumer-STEDI-1, groupId=STEDI] (Re-)joining group
[websocket-akka.actor.default-dispatcher-3] INFO org.apache.kafka.clients.consumer.internals.ConsumerCoordinator - [Consumer clientId=consumer-STEDI-1, groupId=STEDI] Finished assignment for group at generation 1: {consumer-STEDI-1-c3252f05-f229-4eb1-b6eb-e93fb3ce99e8=Assignment(partitions=[stedi-risk-score-0])}
[websocket-akka.actor.default-dispatcher-3] INFO org.apache.kafka.clients.consumer.internals.AbstractCoordinator - [Consumer clientId=consumer-STEDI-1, groupId=STEDI] Successfully joined group with generation 1
[websocket-akka.actor.default-dispatcher-3] INFO org.apache.kafka.clients.consumer.internals.ConsumerCoordinator - [Consumer clientId=consumer-STEDI-1, groupId=STEDI] Notifying assignor about the new Assignment(partitions=[stedi-risk-score-0])
[websocket-akka.actor.default-dispatcher-3] INFO org.apache.kafka.clients.consumer.internals.ConsumerCoordinator - [Consumer clientId=consumer-STEDI-1, groupId=STEDI] Adding newly assigned partitions: stedi-risk-score-0
[websocket-akka.actor.default-dispatcher-3] INFO org.apache.kafka.clients.consumer.internals.ConsumerCoordinator - [Consumer clientId=consumer-STEDI-1, groupId=STEDI] Found no committed offset for partition stedi-risk-score-0
[websocket-akka.actor.default-dispatcher-3] INFO org.apache.kafka.clients.consumer.internals.SubscriptionState - [Consumer clientId=consumer-STEDI-1, groupId=STEDI] Resetting offset for partition stedi-risk-score-0 to offset 0.
