-------------------------------------------
Batch: 0
-------------------------------------------
+--------------------+-----+
|            customer|score|
+--------------------+-----+
|Craig.Olson@test.com| -8.0|
|Suresh.Aristotle@...| -4.5|
|Suresh.Olson@test...|-17.0|
|Ben.Jefferson@tes...| -3.5|
|Danny.Mitra@test.com| 34.5|
|David.Phillips@te...| -3.0|
|Jacob.Hansen@test...| -2.0|
|Ben.Jackson@test.com| -5.0|
|Edward.Anderson@t...| -5.0|
|Senthil.Hansen@te...| -1.0|
|Gail.Harris@test.com| -1.5|
|Chris.Howard@test...| -5.0|
|Jacob.Lincoln@tes...| -3.5|
|Jason.Hansen@test...| -4.0|
| Lyn.Hansen@test.com| -1.0|
|Travis.Olson@test...|-11.5|
|John.Khatib@test.com|  5.0|
|Jane.Howard@test.com| 20.5|
|Larry.Gonzalez@te...|-39.0|
|David.Spencer@tes...| 28.5|
+--------------------+-----+
only showing top 20 rows

-------------------------------------------
Batch: 1
-------------------------------------------
+--------------------+-----+
|            customer|score|
+--------------------+-----+
|Lyn.Habschied@tes...|-16.0|
|Craig.Olson@test.com|-29.5|
|Suresh.Aristotle@...|-21.5|
|Suresh.Olson@test...| 44.0|
|Ben.Jefferson@tes...|  5.5|
|Danny.Mitra@test.com| -4.5|
|David.Phillips@te...| -6.0|
|Jacob.Hansen@test...| -3.0|
|Ben.Jackson@test.com| -5.5|
|Edward.Anderson@t...| -1.5|
|Senthil.Hansen@te...| -2.0|
|Gail.Harris@test.com|  0.0|
|Chris.Howard@test...| -6.0|
|Jacob.Lincoln@tes...| -2.5|
|Jason.Hansen@test...| -2.0|
+--------------------+-----+

-------------------------------------------
Batch: 2
-------------------------------------------
+--------------------+-----+
|            customer|score|
+--------------------+-----+
| Lyn.Hansen@test.com| -5.0|
|Travis.Olson@test...| 24.0|
|John.Khatib@test.com| 21.0|
|Jane.Howard@test.com| -9.5|
|Larry.Gonzalez@te...| 29.0|
|David.Spencer@tes...| -5.5|
|Danny.Hansen@test...|-25.5|
| Gail.Mitra@test.com|  0.0|
|Larry.Sanchez@tes...|-23.5|
|Edward.Phillips@t...|-21.0|
|Spencer.Spencer@t...| -1.5|
+--------------------+-----+

-------------------------------------------
Batch: 3
-------------------------------------------
+--------------------+-----+
|            customer|score|
+--------------------+-----+
|   Bobby.Wu@test.com|  9.5|
|Chris.Khatib@test...| -3.5|
|Lyn.Habschied@tes...|  7.0|
|Craig.Olson@test.com|-24.5|
|Suresh.Aristotle@...| -1.5|
|Suresh.Olson@test...| 20.5|
|Ben.Jefferson@tes...|  8.5|
|Danny.Mitra@test.com| 26.5|
|David.Phillips@te...| -4.5|
|Jacob.Hansen@test...| -4.0|
|Ben.Jackson@test.com| -5.0|
+--------------------+-----+

-------------------------------------------
Batch: 4
-------------------------------------------
+--------------------+-----+
|            customer|score|
+--------------------+-----+
|Edward.Anderson@t...| -3.5|
|Senthil.Hansen@te...| -2.0|
|Gail.Harris@test.com| -0.5|
|Chris.Howard@test...| -4.5|
|Jacob.Lincoln@tes...| -4.0|
|Jason.Hansen@test...| -2.0|
| Lyn.Hansen@test.com| -6.0|
|Travis.Olson@test...|  1.5|
+--------------------+-----+

-------------------------------------------
Batch: 5
-------------------------------------------
+--------------------+-----+
|            customer|score|
+--------------------+-----+
|John.Khatib@test.com|  2.0|
|Jane.Howard@test.com|-33.5|
|Larry.Gonzalez@te...| -7.5|
|David.Spencer@tes...| -2.0|
+--------------------+-----+

-------------------------------------------
Batch: 6
-------------------------------------------
+--------------------+-----+
|            customer|score|
+--------------------+-----+
|Danny.Hansen@test...| -4.0|
| Gail.Mitra@test.com|  0.5|
|Larry.Sanchez@tes...|  3.5|
+--------------------+-----+

-------------------------------------------
Batch: 7
-------------------------------------------
+--------------------+-----+
|            customer|score|
+--------------------+-----+
|Edward.Phillips@t...|-11.5|
|Spencer.Spencer@t...| -5.0|
|   Bobby.Wu@test.com|-31.5|
|Chris.Khatib@test...| -3.0|
|Lyn.Habschied@tes...| 16.0|
|Craig.Olson@test.com| 13.0|
|Suresh.Aristotle@...| 14.0|
+--------------------+-----+

-------------------------------------------
Batch: 8
-------------------------------------------
+--------------------+-----+
|            customer|score|
+--------------------+-----+
|Suresh.Olson@test...| -9.5|
|Ben.Jefferson@tes...|  0.5|
|Danny.Mitra@test.com|  0.0|
|David.Phillips@te...| -1.5|
|Jacob.Hansen@test...| -5.0|
|Ben.Jackson@test.com| -2.5|
|Edward.Anderson@t...| -5.0|
|Senthil.Hansen@te...| -3.0|
|Gail.Harris@test.com| -2.0|
|Chris.Howard@test...| -3.0|
+--------------------+-----+

-------------------------------------------
Batch: 9
-------------------------------------------
+--------------------+-----+
|            customer|score|
+--------------------+-----+
|Jacob.Lincoln@tes...| -4.0|
|Jason.Hansen@test...| -1.0|
| Lyn.Hansen@test.com| -5.0|
|Travis.Olson@test...| -8.5|
|John.Khatib@test.com|-25.5|
|Jane.Howard@test.com| -9.5|
|Larry.Gonzalez@te...|-20.0|
|David.Spencer@tes...|  6.0|
|Danny.Hansen@test...| 31.0|
+--------------------+-----+

-------------------------------------------
Batch: 10
-------------------------------------------
+--------------------+-----+
|            customer|score|
+--------------------+-----+
| Gail.Mitra@test.com| 23.0|
|Larry.Sanchez@tes...| -5.5|
|Edward.Phillips@t...|  9.5|
|Spencer.Spencer@t...| -9.5|
|   Bobby.Wu@test.com|-17.0|
|Chris.Khatib@test...|-19.5|
|Lyn.Habschied@tes...|  0.5|
|Craig.Olson@test.com| 28.0|
|Suresh.Aristotle@...|-21.0|
+--------------------+-----+

-------------------------------------------
Batch: 11
-------------------------------------------
+--------------------+-----+
|            customer|score|
+--------------------+-----+
|Suresh.Olson@test...|-20.5|
|Ben.Jefferson@tes...|-18.0|
|Danny.Mitra@test.com|-14.5|
|David.Phillips@te...|  0.0|
|Jacob.Hansen@test...| -5.0|
+--------------------+-----+

-------------------------------------------
Batch: 12
-------------------------------------------
+--------------------+-----+
|            customer|score|
+--------------------+-----+
|Ben.Jackson@test.com| -0.5|
|Edward.Anderson@t...| -4.5|
+--------------------+-----+

-------------------------------------------
Batch: 13
-------------------------------------------
+--------------------+-----+
|            customer|score|
+--------------------+-----+
|Senthil.Hansen@te...| -4.0|
|Gail.Harris@test.com| -3.0|
|Chris.Howard@test...| -3.5|
+--------------------+-----+

-------------------------------------------
Batch: 14
-------------------------------------------
+--------------------+-----+
|            customer|score|
+--------------------+-----+
|Jacob.Lincoln@tes...| -2.0|
|Jason.Hansen@test...| -1.0|
| Lyn.Hansen@test.com| -3.0|
|Travis.Olson@test...|  2.5|
|John.Khatib@test.com| -4.5|
|Jane.Howard@test.com| 25.0|
|Larry.Gonzalez@te...|  2.0|
|David.Spencer@tes...|-10.5|
+--------------------+-----+

-------------------------------------------
Batch: 15
-------------------------------------------
+--------------------+-----+
|            customer|score|
+--------------------+-----+
|Danny.Hansen@test...| 14.5|
| Gail.Mitra@test.com|-10.5|
|Larry.Sanchez@tes...|  0.5|
|Edward.Phillips@t...| 14.5|
|Spencer.Spencer@t...|  5.5|
|   Bobby.Wu@test.com|  1.5|
|Chris.Khatib@test...|-44.5|
|Lyn.Habschied@tes...|-12.0|
|Craig.Olson@test.com| 12.0|
+--------------------+-----+

-------------------------------------------
Batch: 16
-------------------------------------------
+--------------------+-----+
|            customer|score|
+--------------------+-----+
|Suresh.Aristotle@...|-21.0|
|Suresh.Olson@test...|-36.0|
|Ben.Jefferson@tes...| -0.5|
|Danny.Mitra@test.com| 14.5|
|David.Phillips@te...| -1.5|
|Jacob.Hansen@test...| -5.0|
|Ben.Jackson@test.com| -1.5|
|Edward.Anderson@t...| -3.5|
|Senthil.Hansen@te...| -4.5|
+--------------------+-----+

-------------------------------------------
Batch: 17
-------------------------------------------
+--------------------+-----+
|            customer|score|
+--------------------+-----+
|Gail.Harris@test.com| -3.0|
|Chris.Howard@test...| -3.0|
|Jacob.Lincoln@tes...| -1.0|
|Jason.Hansen@test...| -2.0|
| Lyn.Hansen@test.com| -2.0|
|Travis.Olson@test...|-14.5|
|John.Khatib@test.com| 24.5|
|Jane.Howard@test.com| -6.0|
|Larry.Gonzalez@te...| -1.5|
+--------------------+-----+

-------------------------------------------
Batch: 18
-------------------------------------------
+--------------------+-----+
|            customer|score|
+--------------------+-----+
|David.Spencer@tes...|-17.0|
|Danny.Hansen@test...|-16.5|
| Gail.Mitra@test.com|-33.5|
+--------------------+-----+

-------------------------------------------
Batch: 19
-------------------------------------------
+--------------------+-----+
|            customer|score|
+--------------------+-----+
|Larry.Sanchez@tes...| 37.0|
|Edward.Phillips@t...|-18.0|
+--------------------+-----+

-------------------------------------------
Batch: 20
-------------------------------------------
+--------------------+-----+
|            customer|score|
+--------------------+-----+
|Spencer.Spencer@t...| 10.5|
|   Bobby.Wu@test.com| 20.0|
|Chris.Khatib@test...|-20.5|
|Lyn.Habschied@tes...| -3.0|
|Craig.Olson@test.com| 13.5|
+--------------------+-----+

-------------------------------------------
Batch: 21
-------------------------------------------
+--------------------+-----+
|            customer|score|
+--------------------+-----+
|Suresh.Aristotle@...|  8.5|
|Suresh.Olson@test...|-15.0|
|Ben.Jefferson@tes...| 10.0|
|Danny.Mitra@test.com| -3.5|
|David.Phillips@te...| -3.5|
|Jacob.Hansen@test...| -4.0|
|Ben.Jackson@test.com| -4.5|
|Edward.Anderson@t...| -3.0|
|Senthil.Hansen@te...| -4.0|
+--------------------+-----+

-------------------------------------------
Batch: 22
-------------------------------------------
+--------------------+-----+
|            customer|score|
+--------------------+-----+
|Gail.Harris@test.com| -3.5|
|Chris.Howard@test...| -1.5|
|Jacob.Lincoln@tes...| -1.5|
|Jason.Hansen@test...| -2.5|
| Lyn.Hansen@test.com| -1.5|
|Travis.Olson@test...|  9.0|
|John.Khatib@test.com|  8.0|
|Jane.Howard@test.com| -8.0|
|Larry.Gonzalez@te...|-12.5|
+--------------------+-----+

-------------------------------------------
Batch: 23
-------------------------------------------
+--------------------+-----+
|            customer|score|
+--------------------+-----+
|David.Spencer@tes...|-17.5|
|Danny.Hansen@test...|-12.0|
| Gail.Mitra@test.com|  0.5|
|Larry.Sanchez@tes...| -3.0|
|Edward.Phillips@t...|-12.0|
|Spencer.Spencer@t...|-10.0|
|   Bobby.Wu@test.com| 16.5|
|Chris.Khatib@test...| 14.0|
|Lyn.Habschied@tes...|  5.5|
+--------------------+-----+

-------------------------------------------
Batch: 24
-------------------------------------------
+--------------------+-----+
|            customer|score|
+--------------------+-----+
|Craig.Olson@test.com| 15.0|
|Suresh.Aristotle@...|  3.0|
|Suresh.Olson@test...|  2.5|
|Ben.Jefferson@tes...| 19.5|
|Danny.Mitra@test.com|-20.5|
|David.Phillips@te...| -3.0|
+--------------------+-----+

-------------------------------------------
Batch: 25
-------------------------------------------
+--------------------+-----+
|            customer|score|
+--------------------+-----+
|Jacob.Hansen@test...| -2.5|
|Ben.Jackson@test.com| -4.5|
+--------------------+-----+

-------------------------------------------
Batch: 26
-------------------------------------------
+--------------------+-----+
|            customer|score|
+--------------------+-----+
|Edward.Anderson@t...| -3.0|
|Senthil.Hansen@te...| -2.5|
+--------------------+-----+

-------------------------------------------
Batch: 27
-------------------------------------------
+--------------------+-----+
|            customer|score|
+--------------------+-----+
|Gail.Harris@test.com| -4.0|
|Chris.Howard@test...| -1.0|
|Jacob.Lincoln@tes...| -3.0|
|Jason.Hansen@test...| -4.0|
| Lyn.Hansen@test.com| -2.0|
|Travis.Olson@test...| 36.5|
|John.Khatib@test.com|-34.0|
+--------------------+-----+

-------------------------------------------
Batch: 28
-------------------------------------------
+--------------------+-----+
|            customer|score|
+--------------------+-----+
|Jane.Howard@test.com| 24.5|
|Larry.Gonzalez@te...|  9.5|
|David.Spencer@tes...|  0.5|
|Danny.Hansen@test...| -2.0|
| Gail.Mitra@test.com|  8.5|
|Larry.Sanchez@tes...|-48.5|
|Edward.Phillips@t...| 32.0|
|Spencer.Spencer@t...| -6.5|
|   Bobby.Wu@test.com|-16.5|
+--------------------+-----+

-------------------------------------------
Batch: 29
-------------------------------------------
+--------------------+-----+
|            customer|score|
+--------------------+-----+
|Chris.Khatib@test...| 15.0|
|Lyn.Habschied@tes...|  3.0|
|Craig.Olson@test.com| -6.5|
|Suresh.Aristotle@...|  8.0|
|Suresh.Olson@test...| 15.5|
|Ben.Jefferson@tes...| 26.0|
|Danny.Mitra@test.com|  1.0|
|David.Phillips@te...| -2.5|
|Jacob.Hansen@test...| -2.5|
+--------------------+-----+

-------------------------------------------
Batch: 30
-------------------------------------------
+--------------------+-----+
|            customer|score|
+--------------------+-----+
|Ben.Jackson@test.com| -2.0|
|Edward.Anderson@t...| -3.5|
|Senthil.Hansen@te...| -2.5|
|Gail.Harris@test.com| -4.0|
|Chris.Howard@test...| -1.0|
|Jacob.Lincoln@tes...| -3.5|
|Jason.Hansen@test...| -4.0|
| Lyn.Hansen@test.com| -3.0|
|Travis.Olson@test...|  0.0|
+--------------------+-----+

-------------------------------------------
Batch: 31
-------------------------------------------
+--------------------+-----+
|            customer|score|
+--------------------+-----+
|John.Khatib@test.com|  3.0|
|Jane.Howard@test.com| 20.0|
|Larry.Gonzalez@te...| 11.5|
+--------------------+-----+

-------------------------------------------
Batch: 32
-------------------------------------------
+--------------------+-----+
|            customer|score|
+--------------------+-----+
|David.Spencer@tes...| 38.5|
|Danny.Hansen@test...|  2.5|
| Gail.Mitra@test.com|-14.0|
+--------------------+-----+

-------------------------------------------
Batch: 33
-------------------------------------------
+--------------------+-----+
|            customer|score|
+--------------------+-----+
|Larry.Sanchez@tes...|-15.5|
|Edward.Phillips@t...| 13.0|
|Spencer.Spencer@t...| 29.0|
|   Bobby.Wu@test.com|  7.5|
+--------------------+-----+

-------------------------------------------
Batch: 34
-------------------------------------------
+--------------------+-----+
|            customer|score|
+--------------------+-----+
|Chris.Khatib@test...|-13.5|
|Lyn.Habschied@tes...|  9.5|
|Craig.Olson@test.com|-11.5|
|Suresh.Aristotle@...| 28.0|
|Suresh.Olson@test...| 23.0|
|Ben.Jefferson@tes...|-16.0|
|Danny.Mitra@test.com| 26.5|
|David.Phillips@te...| -4.0|
|Jacob.Hansen@test...| -2.5|
|Ben.Jackson@test.com| -2.0|
+--------------------+-----+

-------------------------------------------
Batch: 35
-------------------------------------------
+--------------------+-----+
|            customer|score|
+--------------------+-----+
|Edward.Anderson@t...| -5.0|
|Senthil.Hansen@te...| -2.5|
|Gail.Harris@test.com| -3.0|
|Chris.Howard@test...| -1.5|
|Jacob.Lincoln@tes...| -2.0|
|Jason.Hansen@test...| -2.0|
| Lyn.Hansen@test.com| -2.0|
|Travis.Olson@test...|-32.0|
|John.Khatib@test.com| 41.5|
+--------------------+-----+

-------------------------------------------
Batch: 36
-------------------------------------------
+--------------------+-----+
|            customer|score|
+--------------------+-----+
|Jane.Howard@test.com|  0.5|
|Larry.Gonzalez@te...|-26.5|
|David.Spencer@tes...| 20.5|
|Danny.Hansen@test...|  3.5|
| Gail.Mitra@test.com|-16.5|
|Larry.Sanchez@tes...| 21.0|
|Edward.Phillips@t...|-15.5|
|Spencer.Spencer@t...| 15.5|
+--------------------+-----+

-------------------------------------------
Batch: 37
-------------------------------------------
+--------------------+-----+
|            customer|score|
+--------------------+-----+
|   Bobby.Wu@test.com| 13.0|
|Chris.Khatib@test...| -9.5|
|Lyn.Habschied@tes...| -5.5|
|Craig.Olson@test.com|  9.0|
|Suresh.Aristotle@...| -7.5|
|Suresh.Olson@test...| 14.0|
+--------------------+-----+

-------------------------------------------
Batch: 38
-------------------------------------------
+--------------------+-----+
|            customer|score|
+--------------------+-----+
|Ben.Jefferson@tes...|-34.5|
|Danny.Mitra@test.com| 30.0|
|David.Phillips@te...| -4.5|
+--------------------+-----+

-------------------------------------------
Batch: 39
-------------------------------------------
+--------------------+-----+
|            customer|score|
+--------------------+-----+
|Jacob.Hansen@test...| -1.5|
|Ben.Jackson@test.com| -4.0|
|Edward.Anderson@t...| -5.0|
+--------------------+-----+

-------------------------------------------
Batch: 40
-------------------------------------------
+--------------------+-----+
|            customer|score|
+--------------------+-----+
|Senthil.Hansen@te...| -1.5|
|Gail.Harris@test.com| -2.5|
|Chris.Howard@test...| -2.5|
|Jacob.Lincoln@tes...| -1.0|
|Jason.Hansen@test...| -1.5|
+--------------------+-----+

-------------------------------------------
Batch: 41
-------------------------------------------
+--------------------+-----+
|            customer|score|
+--------------------+-----+
| Lyn.Hansen@test.com| -2.0|
|Travis.Olson@test...| -0.5|
|John.Khatib@test.com|  1.5|
|Jane.Howard@test.com|-19.5|
|Larry.Gonzalez@te...|-33.5|
|David.Spencer@tes...| -5.0|
|Danny.Hansen@test...| -2.0|
| Gail.Mitra@test.com|  1.0|
|Larry.Sanchez@tes...| 24.0|
+--------------------+-----+

-------------------------------------------
Batch: 42
-------------------------------------------
+--------------------+-----+
|            customer|score|
+--------------------+-----+
|Edward.Phillips@t...| -5.0|
|Spencer.Spencer@t...|-11.5|
|   Bobby.Wu@test.com|-22.5|
|Chris.Khatib@test...| 22.5|
|Lyn.Habschied@tes...|-30.0|
|Craig.Olson@test.com|  2.0|
|Suresh.Aristotle@...|-48.0|
|Suresh.Olson@test...| 13.5|
|Ben.Jefferson@tes...|-17.0|
+--------------------+-----+

-------------------------------------------
Batch: 43
-------------------------------------------
+--------------------+-----+
|            customer|score|
+--------------------+-----+
|Danny.Mitra@test.com| -9.5|
|David.Phillips@te...| -3.5|
|Jacob.Hansen@test...| -0.5|
|Ben.Jackson@test.com| -5.5|
|Edward.Anderson@t...| -3.0|
|Senthil.Hansen@te...| -0.5|
|Gail.Harris@test.com| -4.0|
|Chris.Howard@test...| -3.0|
|Jacob.Lincoln@tes...| -1.5|
|Jason.Hansen@test...| -2.5|
+--------------------+-----+

-------------------------------------------
Batch: 44
-------------------------------------------
+--------------------+-----+
|            customer|score|
+--------------------+-----+
| Lyn.Hansen@test.com| -3.5|
|Travis.Olson@test...| 10.5|
|John.Khatib@test.com|-14.5|
|Jane.Howard@test.com|-15.0|
|Larry.Gonzalez@te...| -8.5|
|David.Spencer@tes...|  7.5|
+--------------------+-----+

-------------------------------------------
Batch: 45
-------------------------------------------
+--------------------+-----+
|            customer|score|
+--------------------+-----+
|Danny.Hansen@test...|  2.0|
| Gail.Mitra@test.com|  4.5|
|Larry.Sanchez@tes...| 25.0|
+--------------------+-----+

-------------------------------------------
Batch: 46
-------------------------------------------
+--------------------+-----+
|            customer|score|
+--------------------+-----+
|Edward.Phillips@t...|  1.5|
|Spencer.Spencer@t...|-13.0|
+--------------------+-----+

-------------------------------------------
Batch: 47
-------------------------------------------
+--------------------+-----+
|            customer|score|
+--------------------+-----+
|   Bobby.Wu@test.com| -9.0|
|Chris.Khatib@test...|  8.5|
|Lyn.Habschied@tes...| -5.0|
|Craig.Olson@test.com|-16.5|
|Suresh.Aristotle@...| -1.0|
|Suresh.Olson@test...|  8.0|
+--------------------+-----+

-------------------------------------------
Batch: 48
-------------------------------------------
+--------------------+-----+
|            customer|score|
+--------------------+-----+
|Ben.Jefferson@tes...|  3.0|
|Danny.Mitra@test.com|-47.0|
|David.Phillips@te...| -3.5|
|Jacob.Hansen@test...| -0.5|
|Ben.Jackson@test.com| -6.0|
|Edward.Anderson@t...| -2.5|
|Senthil.Hansen@te...| -1.0|
|Gail.Harris@test.com| -4.5|
|Chris.Howard@test...| -4.0|
+--------------------+-----+

-------------------------------------------
Batch: 49
-------------------------------------------
+--------------------+-----+
|            customer|score|
+--------------------+-----+
|Jacob.Lincoln@tes...| -3.0|
|Jason.Hansen@test...| -3.0|
| Lyn.Hansen@test.com| -4.5|
|Travis.Olson@test...|-28.5|
|John.Khatib@test.com|-11.0|
|Jane.Howard@test.com| 12.5|
|Larry.Gonzalez@te...|  3.0|
|David.Spencer@tes...|  3.0|
|Danny.Hansen@test...|  0.0|
+--------------------+-----+

-------------------------------------------
Batch: 50
-------------------------------------------
+--------------------+-----+
|            customer|score|
+--------------------+-----+
| Gail.Mitra@test.com| -0.5|
|Larry.Sanchez@tes...|-11.0|
|Edward.Phillips@t...|  2.0|
|Spencer.Spencer@t...| -8.0|
|   Bobby.Wu@test.com| 18.0|
|Chris.Khatib@test...|-24.5|
|Lyn.Habschied@tes...| 17.0|
|Craig.Olson@test.com| -8.0|
+--------------------+-----+

-------------------------------------------
Batch: 51
-------------------------------------------
+--------------------+-----+
|            customer|score|
+--------------------+-----+
|Suresh.Aristotle@...| 30.0|
|Suresh.Olson@test...|-21.0|
|Ben.Jefferson@tes...| 21.0|
|Danny.Mitra@test.com|-22.0|
|David.Phillips@te...| -4.5|
+--------------------+-----+

-------------------------------------------
Batch: 52
-------------------------------------------
+--------------------+-----+
|            customer|score|
+--------------------+-----+
|Jacob.Hansen@test...| -1.5|
|Ben.Jackson@test.com| -4.5|
|Edward.Anderson@t...| -3.0|
+--------------------+-----+

-------------------------------------------
Batch: 53
-------------------------------------------
+--------------------+-----+
|            customer|score|
+--------------------+-----+
|Senthil.Hansen@te...| -3.0|
|Gail.Harris@test.com| -3.0|
|Chris.Howard@test...| -4.0|
+--------------------+-----+

-------------------------------------------
Batch: 54
-------------------------------------------
+--------------------+-----+
|            customer|score|
+--------------------+-----+
|Jacob.Lincoln@tes...| -4.0|
|Jason.Hansen@test...| -4.0|
| Lyn.Hansen@test.com| -4.5|
|Travis.Olson@test...| -7.5|
|John.Khatib@test.com|  2.5|
|Jane.Howard@test.com| -8.5|
|Larry.Gonzalez@te...| 27.0|
|David.Spencer@tes...|-13.0|
+--------------------+-----+

-------------------------------------------
Batch: 55
-------------------------------------------
+--------------------+-----+
|            customer|score|
+--------------------+-----+
|Danny.Hansen@test...|-16.5|
| Gail.Mitra@test.com|-11.5|
|Larry.Sanchez@tes...|-42.5|
|Edward.Phillips@t...|-17.5|
|Spencer.Spencer@t...| 26.0|
|   Bobby.Wu@test.com|  4.0|
|Chris.Khatib@test...|  5.0|
|Lyn.Habschied@tes...|  6.5|
|Craig.Olson@test.com|-10.0|
+--------------------+-----+

-------------------------------------------
Batch: 56
-------------------------------------------
+--------------------+-----+
|            customer|score|
+--------------------+-----+
|Suresh.Aristotle@...| -9.0|
|Suresh.Olson@test...|-38.0|
|Ben.Jefferson@tes...| 19.0|
|Danny.Mitra@test.com| 31.0|
|David.Phillips@te...| -5.0|
|Jacob.Hansen@test...| -3.0|
|Ben.Jackson@test.com| -2.5|
|Edward.Anderson@t...| -3.5|
|Senthil.Hansen@te...| -4.0|
+--------------------+-----+

-------------------------------------------
Batch: 57
-------------------------------------------
+--------------------+-----+
|            customer|score|
+--------------------+-----+
|Gail.Harris@test.com| -1.0|
|Chris.Howard@test...| -3.0|
|Jacob.Lincoln@tes...| -3.0|
|Jason.Hansen@test...| -5.0|
| Lyn.Hansen@test.com| -2.5|
|Travis.Olson@test...| 39.0|
|John.Khatib@test.com| 33.0|
|Jane.Howard@test.com|-25.0|
|Larry.Gonzalez@te...| 26.5|
+--------------------+-----+

-------------------------------------------
Batch: 58
-------------------------------------------
+--------------------+-----+
|            customer|score|
+--------------------+-----+
|David.Spencer@tes...|  9.0|
|Danny.Hansen@test...|-22.5|
| Gail.Mitra@test.com| -1.0|
|Larry.Sanchez@tes...|-11.0|
+--------------------+-----+

-------------------------------------------
Batch: 59
-------------------------------------------
+--------------------+-----+
|            customer|score|
+--------------------+-----+
|Edward.Phillips@t...|-20.5|
|Spencer.Spencer@t...|  9.5|
|   Bobby.Wu@test.com|-13.0|
+--------------------+-----+

-------------------------------------------
Batch: 60
-------------------------------------------
+--------------------+-----+
|            customer|score|
+--------------------+-----+
|Chris.Khatib@test...| 33.5|
|Lyn.Habschied@tes...| -3.0|
+--------------------+-----+

-------------------------------------------
Batch: 61
-------------------------------------------
+--------------------+-----+
|            customer|score|
+--------------------+-----+
|Craig.Olson@test.com|  6.0|
|Suresh.Aristotle@...|  0.5|
|Suresh.Olson@test...|  6.5|
|Ben.Jefferson@tes...| -3.0|
|Danny.Mitra@test.com| 20.0|
|David.Phillips@te...| -4.0|
|Jacob.Hansen@test...| -4.0|
|Ben.Jackson@test.com| -3.0|
+--------------------+-----+

-------------------------------------------
Batch: 62
-------------------------------------------
+--------------------+-----+
|            customer|score|
+--------------------+-----+
|Edward.Anderson@t...| -5.0|
|Senthil.Hansen@te...| -4.5|
|Gail.Harris@test.com| -1.5|
|Chris.Howard@test...| -3.0|
|Jacob.Lincoln@tes...| -1.5|
|Jason.Hansen@test...| -5.0|
| Lyn.Hansen@test.com| -2.0|
|Travis.Olson@test...| 23.0|
|John.Khatib@test.com| 22.5|
+--------------------+-----+

-------------------------------------------
Batch: 63
-------------------------------------------
+--------------------+-----+
|            customer|score|
+--------------------+-----+
|Jane.Howard@test.com| 14.5|
|Larry.Gonzalez@te...|  5.0|
|David.Spencer@tes...| 21.5|
|Danny.Hansen@test...|  0.5|
| Gail.Mitra@test.com| 10.0|
|Larry.Sanchez@tes...|  1.0|
|Edward.Phillips@t...| 11.5|
|Spencer.Spencer@t...|-36.0|
|   Bobby.Wu@test.com| 11.0|
+--------------------+-----+

-------------------------------------------
Batch: 64
-------------------------------------------
+--------------------+-----+
|            customer|score|
+--------------------+-----+
|Chris.Khatib@test...|-10.0|
|Lyn.Habschied@tes...| -7.5|
|Craig.Olson@test.com| 12.0|
|Suresh.Aristotle@...| 30.0|
|Suresh.Olson@test...| 27.5|
|Ben.Jefferson@tes...|-23.0|
|Danny.Mitra@test.com|-25.5|
|David.Phillips@te...| -3.5|
|Jacob.Hansen@test...| -3.0|
|Ben.Jackson@test.com| -4.5|
+--------------------+-----+

-------------------------------------------
Batch: 65
-------------------------------------------
+--------------------+-----+
|            customer|score|
+--------------------+-----+
|Edward.Anderson@t...| -6.0|
|Senthil.Hansen@te...| -5.0|
|Gail.Harris@test.com| -3.0|
+--------------------+-----+

-------------------------------------------
Batch: 66
-------------------------------------------
+--------------------+-----+
|            customer|score|
+--------------------+-----+
|Chris.Howard@test...| -2.5|
|Jacob.Lincoln@tes...| -1.0|
+--------------------+-----+

-------------------------------------------
Batch: 67
-------------------------------------------
+--------------------+-----+
|            customer|score|
+--------------------+-----+
|Jason.Hansen@test...| -4.0|
| Lyn.Hansen@test.com| -3.5|
|Travis.Olson@test...| -8.0|
+--------------------+-----+

-------------------------------------------
Batch: 68
-------------------------------------------
+--------------------+-----+
|            customer|score|
+--------------------+-----+
|John.Khatib@test.com|-11.5|
|Jane.Howard@test.com| 17.0|
|Larry.Gonzalez@te...| 12.5|
|David.Spencer@tes...|-22.0|
|Danny.Hansen@test...| 31.5|
| Gail.Mitra@test.com|  7.0|
|Larry.Sanchez@tes...| -9.5|
|Edward.Phillips@t...| 20.5|
|Spencer.Spencer@t...|-17.5|
+--------------------+-----+

-------------------------------------------
Batch: 69
-------------------------------------------
+--------------------+-----+
|            customer|score|
+--------------------+-----+
|   Bobby.Wu@test.com| 23.5|
|Chris.Khatib@test...| -5.0|
|Lyn.Habschied@tes...| 19.5|
|Craig.Olson@test.com|-11.5|
|Suresh.Aristotle@...| -4.0|
|Suresh.Olson@test...|-12.5|
|Ben.Jefferson@tes...| -5.0|
|Danny.Mitra@test.com| -2.0|
|David.Phillips@te...| -4.5|
+--------------------+-----+

-------------------------------------------
Batch: 70
-------------------------------------------
+--------------------+-----+
|            customer|score|
+--------------------+-----+
|Jacob.Hansen@test...| -1.5|
|Ben.Jackson@test.com| -5.5|
|Edward.Anderson@t...| -5.5|
|Senthil.Hansen@te...| -5.0|
|Gail.Harris@test.com| -2.5|
|Chris.Howard@test...| -3.0|
|Jacob.Lincoln@tes...| -2.0|
|Jason.Hansen@test...| -1.5|
| Lyn.Hansen@test.com| -2.5|
+--------------------+-----+

-------------------------------------------
Batch: 71
-------------------------------------------
+--------------------+-----+
|            customer|score|
+--------------------+-----+
|Travis.Olson@test...|-14.0|
|John.Khatib@test.com|-24.5|
|Jane.Howard@test.com|-13.0|
|Larry.Gonzalez@te...| -2.0|
|David.Spencer@tes...|-44.0|
|Danny.Hansen@test...| 19.5|
| Gail.Mitra@test.com|  9.5|
|Larry.Sanchez@tes...| 13.5|
+--------------------+-----+

-------------------------------------------
Batch: 72
-------------------------------------------
+--------------------+-----+
|            customer|score|
+--------------------+-----+
|Edward.Phillips@t...|-10.0|
|Spencer.Spencer@t...| 19.5|
|   Bobby.Wu@test.com|  5.0|
+--------------------+-----+

-------------------------------------------
Batch: 73
-------------------------------------------
+--------------------+-----+
|            customer|score|
+--------------------+-----+
|Chris.Khatib@test...| 25.5|
|Lyn.Habschied@tes...| 15.5|
|Craig.Olson@test.com|-14.5|
+--------------------+-----+

-------------------------------------------
Batch: 74
-------------------------------------------
+--------------------+-----+
|            customer|score|
+--------------------+-----+
|Suresh.Aristotle@...|-45.0|
|Suresh.Olson@test...|-17.5|
|Ben.Jefferson@tes...|  8.5|
|Danny.Mitra@test.com| 20.0|
+--------------------+-----+

-------------------------------------------
Batch: 75
-------------------------------------------
+--------------------+-----+
|            customer|score|
+--------------------+-----+
|David.Phillips@te...| -4.0|
|Jacob.Hansen@test...| -2.0|
|Ben.Jackson@test.com| -5.5|
|Edward.Anderson@t...| -4.5|
|Senthil.Hansen@te...| -4.5|
|Gail.Harris@test.com| -2.0|
|Chris.Howard@test...| -4.5|
|Jacob.Lincoln@tes...| -3.0|
|Jason.Hansen@test...| -1.0|
+--------------------+-----+

-------------------------------------------
Batch: 76
-------------------------------------------
+--------------------+-----+
|            customer|score|
+--------------------+-----+
| Lyn.Hansen@test.com| -0.5|
|Travis.Olson@test...| -5.5|
|John.Khatib@test.com| -5.5|
|Jane.Howard@test.com|-23.0|
|Larry.Gonzalez@te...|-35.0|
|David.Spencer@tes...| 10.5|
|Danny.Hansen@test...|-25.0|
| Gail.Mitra@test.com|  4.5|
+--------------------+-----+

-------------------------------------------
Batch: 77
-------------------------------------------
+--------------------+-----+
|            customer|score|
+--------------------+-----+
|Larry.Sanchez@tes...| 34.0|
|Edward.Phillips@t...|-25.0|
|Spencer.Spencer@t...| 12.0|
|   Bobby.Wu@test.com| -8.5|
|Chris.Khatib@test...| -6.5|
|Lyn.Habschied@tes...|-16.5|
|Craig.Olson@test.com|  1.0|
|Suresh.Aristotle@...|-12.5|
|Suresh.Olson@test...| 10.0|
+--------------------+-----+

-------------------------------------------
Batch: 78
-------------------------------------------
+--------------------+-----+
|            customer|score|
+--------------------+-----+
|Ben.Jefferson@tes...|  9.0|
|Danny.Mitra@test.com|-22.5|
|David.Phillips@te...| -3.0|
|Jacob.Hansen@test...| -3.5|
|Ben.Jackson@test.com| -4.5|
|Edward.Anderson@t...| -4.5|
|Senthil.Hansen@te...| -3.0|
+--------------------+-----+

-------------------------------------------
Batch: 79
-------------------------------------------
+--------------------+-----+
|            customer|score|
+--------------------+-----+
|Gail.Harris@test.com| -1.0|
|Chris.Howard@test...| -4.0|
|Jacob.Lincoln@tes...| -3.5|
+--------------------+-----+

-------------------------------------------
Batch: 80
-------------------------------------------
+--------------------+-----+
|            customer|score|
+--------------------+-----+
|Jason.Hansen@test...| -2.5|
| Lyn.Hansen@test.com|  0.0|
+--------------------+-----+

-------------------------------------------
Batch: 81
-------------------------------------------
+--------------------+-----+
|            customer|score|
+--------------------+-----+
|Travis.Olson@test...| 16.0|
|John.Khatib@test.com|  7.0|
|Jane.Howard@test.com|-11.0|
|Larry.Gonzalez@te...|-16.0|
+--------------------+-----+

-------------------------------------------
Batch: 82
-------------------------------------------
+--------------------+-----+
|            customer|score|
+--------------------+-----+
|David.Spencer@tes...| 33.0|
|Danny.Hansen@test...|-20.0|
| Gail.Mitra@test.com| 23.5|
|Larry.Sanchez@tes...| 10.5|
|Edward.Phillips@t...| 16.0|
|Spencer.Spencer@t...| -8.5|
|   Bobby.Wu@test.com|  7.5|
|Chris.Khatib@test...|-21.0|
|Lyn.Habschied@tes...|  4.5|
+--------------------+-----+

-------------------------------------------
Batch: 83
-------------------------------------------
+--------------------+-----+
|            customer|score|
+--------------------+-----+
|Craig.Olson@test.com| 13.5|
|Suresh.Aristotle@...| 15.0|
|Suresh.Olson@test...| 24.5|
|Ben.Jefferson@tes...|  9.0|
|Danny.Mitra@test.com|-24.5|
|David.Phillips@te...| -3.0|
|Jacob.Hansen@test...| -2.5|
|Ben.Jackson@test.com| -3.5|
|Edward.Anderson@t...| -5.0|
+--------------------+-----+

-------------------------------------------
Batch: 84
-------------------------------------------
+--------------------+-----+
|            customer|score|
+--------------------+-----+
|Senthil.Hansen@te...| -3.0|
|Gail.Harris@test.com| -1.5|
|Chris.Howard@test...| -3.0|
|Jacob.Lincoln@tes...| -4.5|
|Jason.Hansen@test...| -3.0|
| Lyn.Hansen@test.com| -0.5|
|Travis.Olson@test...| 17.5|
|John.Khatib@test.com|  5.5|
|Jane.Howard@test.com| 17.5|
+--------------------+-----+

-------------------------------------------
Batch: 85
-------------------------------------------
+--------------------+-----+
|            customer|score|
+--------------------+-----+
|Larry.Gonzalez@te...| 23.5|
|David.Spencer@tes...|-14.5|
|Danny.Hansen@test...| -1.0|
| Gail.Mitra@test.com|  6.0|
|Larry.Sanchez@tes...| -5.0|
|Edward.Phillips@t...| 17.0|
|Spencer.Spencer@t...|-15.5|
+--------------------+-----+

-------------------------------------------
Batch: 86
-------------------------------------------
+--------------------+-----+
|            customer|score|
+--------------------+-----+
|   Bobby.Wu@test.com|  4.0|
|Chris.Khatib@test...|-17.5|
+--------------------+-----+

-------------------------------------------
Batch: 87
-------------------------------------------
+--------------------+-----+
|            customer|score|
+--------------------+-----+
|Lyn.Habschied@tes...| 12.5|
|Craig.Olson@test.com| -1.0|
|Suresh.Aristotle@...|-14.5|
+--------------------+-----+

-------------------------------------------
Batch: 88
-------------------------------------------
+--------------------+-----+
|            customer|score|
+--------------------+-----+
|Suresh.Olson@test...| -1.0|
|Ben.Jefferson@tes...|-17.0|
|Danny.Mitra@test.com| 23.5|
|David.Phillips@te...| -3.5|
|Jacob.Hansen@test...| -2.0|
|Ben.Jackson@test.com| -2.5|
+--------------------+-----+

-------------------------------------------
Batch: 89
-------------------------------------------
+--------------------+-----+
|            customer|score|
+--------------------+-----+
|Edward.Anderson@t...| -4.5|
|Senthil.Hansen@te...| -4.5|
|Gail.Harris@test.com| -3.0|
|Chris.Howard@test...| -4.5|
|Jacob.Lincoln@tes...| -4.0|
|Jason.Hansen@test...| -3.5|
| Lyn.Hansen@test.com| -1.5|
|Travis.Olson@test...| -3.0|
+--------------------+-----+

-------------------------------------------
Batch: 90
-------------------------------------------
+--------------------+-----+
|            customer|score|
+--------------------+-----+
|John.Khatib@test.com|  2.5|
|Jane.Howard@test.com| 22.0|
|Larry.Gonzalez@te...| -0.5|
|David.Spencer@tes...|-25.5|
|Danny.Hansen@test...| 13.5|
| Gail.Mitra@test.com|-21.5|
|Larry.Sanchez@tes...| 13.5|
|Edward.Phillips@t...| -4.0|
|Spencer.Spencer@t...|-22.5|
+--------------------+-----+

-------------------------------------------
Batch: 91
-------------------------------------------
+--------------------+-----+
|            customer|score|
+--------------------+-----+
|   Bobby.Wu@test.com|-30.0|
|Chris.Khatib@test...|-16.0|
|Lyn.Habschied@tes...|-15.5|
|Craig.Olson@test.com|  2.0|
|Suresh.Aristotle@...|  2.0|
|Suresh.Olson@test...|-12.5|
|Ben.Jefferson@tes...|  4.5|
|Danny.Mitra@test.com| 21.0|
|David.Phillips@te...| -3.5|
+--------------------+-----+

-------------------------------------------
Batch: 92
-------------------------------------------
+--------------------+-----+
|            customer|score|
+--------------------+-----+
|Jacob.Hansen@test...| -4.5|
|Ben.Jackson@test.com| -2.0|
|Edward.Anderson@t...| -3.5|
|Senthil.Hansen@te...| -5.0|
|Gail.Harris@test.com| -3.0|
+--------------------+-----+

-------------------------------------------
Batch: 93
-------------------------------------------
+--------------------+-----+
|            customer|score|
+--------------------+-----+
|Chris.Howard@test...| -5.0|
|Jacob.Lincoln@tes...| -2.0|
|Jason.Hansen@test...| -3.0|
+--------------------+-----+

-------------------------------------------
Batch: 94
-------------------------------------------
+--------------------+-----+
|            customer|score|
+--------------------+-----+
| Lyn.Hansen@test.com| -3.0|
|Travis.Olson@test...|-16.5|
+--------------------+-----+

-------------------------------------------
Batch: 95
-------------------------------------------
+--------------------+-----+
|            customer|score|
+--------------------+-----+
|John.Khatib@test.com|-20.5|
|Jane.Howard@test.com|  0.5|
|Larry.Gonzalez@te...|-25.0|
|David.Spencer@tes...|  8.0|
|Danny.Hansen@test...| 34.0|
| Gail.Mitra@test.com| -6.0|
+--------------------+-----+

-------------------------------------------
Batch: 96
-------------------------------------------
+--------------------+-----+
|            customer|score|
+--------------------+-----+
|Larry.Sanchez@tes...|  0.5|
|Edward.Phillips@t...|  7.0|
|Spencer.Spencer@t...| -6.0|
|   Bobby.Wu@test.com| -6.0|
|Chris.Khatib@test...|  6.0|
|Lyn.Habschied@tes...| -8.5|
|Craig.Olson@test.com| -1.0|
|Suresh.Aristotle@...| 19.5|
|Suresh.Olson@test...|  4.0|
|Ben.Jefferson@tes...| 45.0|
+--------------------+-----+

-------------------------------------------
Batch: 97
-------------------------------------------
+--------------------+-----+
|            customer|score|
+--------------------+-----+
|Danny.Mitra@test.com| -5.0|
|David.Phillips@te...| -2.0|
|Jacob.Hansen@test...| -6.0|
|Ben.Jackson@test.com| -2.0|
|Edward.Anderson@t...| -2.0|
|Senthil.Hansen@te...| -4.5|
|Gail.Harris@test.com| -4.5|
|Chris.Howard@test...| -4.0|
+--------------------+-----+

-------------------------------------------
Batch: 98
-------------------------------------------
+--------------------+-----+
|            customer|score|
+--------------------+-----+
|Jacob.Lincoln@tes...| -2.0|
|Jason.Hansen@test...| -1.0|
| Lyn.Hansen@test.com| -4.5|
|Travis.Olson@test...| -2.5|
|John.Khatib@test.com|-30.5|
|Jane.Howard@test.com|-11.0|
|Larry.Gonzalez@te...| -6.5|
|David.Spencer@tes...| 20.5|
|Danny.Hansen@test...|  5.5|
| Gail.Mitra@test.com|  4.5|
+--------------------+-----+

-------------------------------------------
Batch: 99
-------------------------------------------
+--------------------+-----+
|            customer|score|
+--------------------+-----+
|Larry.Sanchez@tes...|-11.5|
|Edward.Phillips@t...| -8.5|
|Spencer.Spencer@t...| 22.5|
+--------------------+-----+

-------------------------------------------
Batch: 100
-------------------------------------------
+--------------------+-----+
|            customer|score|
+--------------------+-----+
|   Bobby.Wu@test.com| 33.5|
|Chris.Khatib@test...| 12.0|
+--------------------+-----+

-------------------------------------------
Batch: 101
-------------------------------------------
+--------------------+-----+
|            customer|score|
+--------------------+-----+
|Lyn.Habschied@tes...| -2.5|
|Craig.Olson@test.com|-28.0|
|Suresh.Aristotle@...|  9.0|
+--------------------+-----+

-------------------------------------------
Batch: 102
-------------------------------------------
+--------------------+-----+
|            customer|score|
+--------------------+-----+
|Suresh.Olson@test...|-15.0|
|Ben.Jefferson@tes...| 14.0|
|Danny.Mitra@test.com| -6.0|
|David.Phillips@te...| -2.5|
|Jacob.Hansen@test...| -5.5|
|Ben.Jackson@test.com| -3.0|
|Edward.Anderson@t...| -2.0|
|Senthil.Hansen@te...| -4.0|
|Gail.Harris@test.com| -6.0|
+--------------------+-----+

-------------------------------------------
Batch: 103
-------------------------------------------
+--------------------+-----+
|            customer|score|
+--------------------+-----+
|Chris.Howard@test...| -4.0|
|Jacob.Lincoln@tes...| -3.0|
|Jason.Hansen@test...| -0.5|
| Lyn.Hansen@test.com| -4.5|
|Travis.Olson@test...|  9.5|
|John.Khatib@test.com|-21.0|
|Jane.Howard@test.com|  2.0|
|Larry.Gonzalez@te...|  8.5|
|David.Spencer@tes...| 12.0|
+--------------------+-----+

-------------------------------------------
Batch: 104
-------------------------------------------
+--------------------+-----+
|            customer|score|
+--------------------+-----+
|Danny.Hansen@test...|-32.0|
| Gail.Mitra@test.com|  7.5|
|Larry.Sanchez@tes...| 11.5|
|Edward.Phillips@t...|-18.5|
|Spencer.Spencer@t...| 34.5|
|   Bobby.Wu@test.com|  4.0|
|Chris.Khatib@test...| -7.0|
|Lyn.Habschied@tes...|-27.0|
|Craig.Olson@test.com|  3.0|
+--------------------+-----+

-------------------------------------------
Batch: 105
-------------------------------------------
+--------------------+-----+
|            customer|score|
+--------------------+-----+
|Suresh.Aristotle@...| 11.5|
|Suresh.Olson@test...| -9.0|
|Ben.Jefferson@tes...|-30.0|
|Danny.Mitra@test.com|-15.5|
|David.Phillips@te...| -4.0|
|Jacob.Hansen@test...| -5.0|
|Ben.Jackson@test.com| -4.0|
|Edward.Anderson@t...| -4.5|
|Senthil.Hansen@te...| -4.5|
+--------------------+-----+

-------------------------------------------
Batch: 106
-------------------------------------------
+--------------------+-----+
|            customer|score|
+--------------------+-----+
|Gail.Harris@test.com| -4.5|
|Chris.Howard@test...| -2.5|
+--------------------+-----+

-------------------------------------------
Batch: 107
-------------------------------------------
+--------------------+-----+
|            customer|score|
+--------------------+-----+
|Jacob.Lincoln@tes...| -2.5|
|Jason.Hansen@test...| -2.5|
| Lyn.Hansen@test.com| -4.5|
+--------------------+-----+

-------------------------------------------
Batch: 108
-------------------------------------------
+--------------------+-----+
|            customer|score|
+--------------------+-----+
|Travis.Olson@test...|-15.5|
|John.Khatib@test.com| -3.0|
+--------------------+-----+

-------------------------------------------
Batch: 109
-------------------------------------------
+--------------------+-----+
|            customer|score|
+--------------------+-----+
|Jane.Howard@test.com|  1.5|
|Larry.Gonzalez@te...| 21.5|
|David.Spencer@tes...| -9.5|
|Danny.Hansen@test...|-23.0|
| Gail.Mitra@test.com| -2.5|
|Larry.Sanchez@tes...| -8.0|
|Edward.Phillips@t...| -4.5|
|Spencer.Spencer@t...| 21.5|
|   Bobby.Wu@test.com|-13.5|
|Chris.Khatib@test...| 14.0|
+--------------------+-----+

-------------------------------------------
Batch: 110
-------------------------------------------
+--------------------+-----+
|            customer|score|
+--------------------+-----+
|Lyn.Habschied@tes...| -5.0|
|Craig.Olson@test.com| 36.5|
|Suresh.Aristotle@...| -4.5|
|Suresh.Olson@test...| 11.5|
|Ben.Jefferson@tes...|-25.5|
|Danny.Mitra@test.com| 14.0|
|David.Phillips@te...| -4.0|
|Jacob.Hansen@test...| -4.0|
|Ben.Jackson@test.com| -3.0|
|Edward.Anderson@t...| -6.0|
+--------------------+-----+

-------------------------------------------
Batch: 111
-------------------------------------------
+--------------------+-----+
|            customer|score|
+--------------------+-----+
|Senthil.Hansen@te...| -4.5|
|Gail.Harris@test.com| -2.5|
|Chris.Howard@test...| -1.5|
|Jacob.Lincoln@tes...| -3.0|
|Jason.Hansen@test...| -4.5|
| Lyn.Hansen@test.com| -5.0|
|Travis.Olson@test...| -9.5|
|John.Khatib@test.com| 24.0|
|Jane.Howard@test.com|-12.0|
+--------------------+-----+

-------------------------------------------
Batch: 112
-------------------------------------------
+--------------------+-----+
|            customer|score|
+--------------------+-----+
|Larry.Gonzalez@te...| 15.0|
|David.Spencer@tes...|-30.5|
|Danny.Hansen@test...| 21.0|
| Gail.Mitra@test.com|-16.5|
|Larry.Sanchez@tes...|-25.5|
|Edward.Phillips@t...|  8.5|
|Spencer.Spencer@t...|  0.5|
|   Bobby.Wu@test.com|  9.5|
+--------------------+-----+

-------------------------------------------
Batch: 113
-------------------------------------------
+--------------------+-----+
|            customer|score|
+--------------------+-----+
|Chris.Khatib@test...| 41.5|
|Lyn.Habschied@tes...| 35.0|
+--------------------+-----+

-------------------------------------------
Batch: 114
-------------------------------------------
+--------------------+-----+
|            customer|score|
+--------------------+-----+
|Craig.Olson@test.com| -3.0|
|Suresh.Aristotle@...|  9.5|
|Suresh.Olson@test...|  8.5|
+--------------------+-----+

-------------------------------------------
Batch: 115
-------------------------------------------
+--------------------+-----+
|            customer|score|
+--------------------+-----+
|Ben.Jefferson@tes...|  0.0|
|Danny.Mitra@test.com| 12.0|
|David.Phillips@te...| -5.0|
|Jacob.Hansen@test...| -2.5|
|Ben.Jackson@test.com| -1.5|
+--------------------+-----+

-------------------------------------------
Batch: 116
-------------------------------------------
+--------------------+-----+
|            customer|score|
+--------------------+-----+
|Edward.Anderson@t...| -4.5|
|Senthil.Hansen@te...| -3.0|
|Gail.Harris@test.com| -2.0|
|Chris.Howard@test...| -2.5|
|Jacob.Lincoln@tes...| -4.0|
|Jason.Hansen@test...| -3.5|
| Lyn.Hansen@test.com| -4.5|
|Travis.Olson@test...| 20.0|
|John.Khatib@test.com| 41.5|
+--------------------+-----+

-------------------------------------------
Batch: 117
-------------------------------------------
+--------------------+-----+
|            customer|score|
+--------------------+-----+
|Jane.Howard@test.com| -8.5|
|Larry.Gonzalez@te...|  4.0|
|David.Spencer@tes...| -9.5|
|Danny.Hansen@test...| 35.0|
| Gail.Mitra@test.com|  2.0|
|Larry.Sanchez@tes...|  7.0|
|Edward.Phillips@t...| -2.0|
|Spencer.Spencer@t...|-11.5|
+--------------------+-----+

-------------------------------------------
Batch: 118
-------------------------------------------
+--------------------+-----+
|            customer|score|
+--------------------+-----+
|   Bobby.Wu@test.com|  9.0|
|Chris.Khatib@test...|  4.5|
|Lyn.Habschied@tes...| 16.5|
|Craig.Olson@test.com|-17.5|
|Suresh.Aristotle@...| 16.5|
|Suresh.Olson@test...| -3.0|
|Ben.Jefferson@tes...|  2.5|
|Danny.Mitra@test.com|-37.5|
+--------------------+-----+

-------------------------------------------
Batch: 119
-------------------------------------------
+--------------------+-----+
|            customer|score|
+--------------------+-----+
|David.Phillips@te...| -5.5|
|Jacob.Hansen@test...| -2.5|
|Ben.Jackson@test.com| -1.5|
|Edward.Anderson@t...| -2.5|
|Senthil.Hansen@te...| -1.0|
|Gail.Harris@test.com| -1.5|
|Chris.Howard@test...| -3.5|
+--------------------+-----+

-------------------------------------------
Batch: 120
-------------------------------------------
+--------------------+-----+
|            customer|score|
+--------------------+-----+
|Jacob.Lincoln@tes...| -3.0|
|Jason.Hansen@test...| -2.0|
+--------------------+-----+

-------------------------------------------
Batch: 121
-------------------------------------------
+--------------------+-----+
|            customer|score|
+--------------------+-----+
| Lyn.Hansen@test.com| -3.0|
|Travis.Olson@test...| 22.5|
|John.Khatib@test.com|  5.5|
+--------------------+-----+

-------------------------------------------
Batch: 122
-------------------------------------------
+--------------------+-----+
|            customer|score|
+--------------------+-----+
|Jane.Howard@test.com|-12.5|
|Larry.Gonzalez@te...| 13.0|
|David.Spencer@tes...| 10.5|
|Danny.Hansen@test...| -7.5|
| Gail.Mitra@test.com| 36.0|
+--------------------+-----+

-------------------------------------------
Batch: 123
-------------------------------------------
+--------------------+-----+
|            customer|score|
+--------------------+-----+
|Larry.Sanchez@tes...| -4.5|
|Edward.Phillips@t...|  3.5|
|Spencer.Spencer@t...|-15.5|
|   Bobby.Wu@test.com| -9.0|
|Chris.Khatib@test...| -6.0|
|Lyn.Habschied@tes...|-18.5|
|Craig.Olson@test.com| 23.0|
|Suresh.Aristotle@...|-21.5|
|Suresh.Olson@test...|-12.0|
+--------------------+-----+

-------------------------------------------
Batch: 124
-------------------------------------------
+--------------------+-----+
|            customer|score|
+--------------------+-----+
|Ben.Jefferson@tes...|-11.5|
|Danny.Mitra@test.com|-16.0|
|David.Phillips@te...| -4.5|
|Jacob.Hansen@test...| -2.0|
|Ben.Jackson@test.com| -2.0|
|Edward.Anderson@t...| -2.0|
|Senthil.Hansen@te...|  0.0|
|Gail.Harris@test.com| -1.5|
|Chris.Howard@test...| -4.0|
+--------------------+-----+

-------------------------------------------
Batch: 125
-------------------------------------------
+--------------------+-----+
|            customer|score|
+--------------------+-----+
|Jacob.Lincoln@tes...| -2.5|
|Jason.Hansen@test...| -2.0|
| Lyn.Hansen@test.com| -2.0|
|Travis.Olson@test...| -3.5|
|John.Khatib@test.com|-41.0|
|Jane.Howard@test.com| -9.0|
|Larry.Gonzalez@te...| 11.0|
|David.Spencer@tes...|  3.5|
|Danny.Hansen@test...|-16.0|
+--------------------+-----+

-------------------------------------------
Batch: 126
-------------------------------------------
+--------------------+-----+
|            customer|score|
+--------------------+-----+
| Gail.Mitra@test.com| 21.5|
|Larry.Sanchez@tes...|-28.0|
|Edward.Phillips@t...|  6.5|
|Spencer.Spencer@t...| -6.0|
|   Bobby.Wu@test.com|-19.5|
+--------------------+-----+

-------------------------------------------
Batch: 127
-------------------------------------------
+--------------------+-----+
|            customer|score|
+--------------------+-----+
|Chris.Khatib@test...| 11.5|
|Lyn.Habschied@tes...|-16.0|
|Craig.Olson@test.com| 15.0|
+--------------------+-----+

-------------------------------------------
Batch: 128
-------------------------------------------
+--------------------+-----+
|            customer|score|
+--------------------+-----+
|Suresh.Aristotle@...|-34.0|
|Suresh.Olson@test...| -1.0|
|Ben.Jefferson@tes...|-16.0|
+--------------------+-----+

-------------------------------------------
Batch: 129
-------------------------------------------
+--------------------+-----+
|            customer|score|
+--------------------+-----+
|Danny.Mitra@test.com| 18.5|
|David.Phillips@te...| -3.5|
|Jacob.Hansen@test...| -1.0|
|Ben.Jackson@test.com| -2.5|
|Edward.Anderson@t...| -1.0|
|Senthil.Hansen@te...| -0.5|
|Gail.Harris@test.com| -1.5|
|Chris.Howard@test...| -3.0|
+--------------------+-----+

-------------------------------------------
Batch: 130
-------------------------------------------
+--------------------+-----+
|            customer|score|
+--------------------+-----+
|Jacob.Lincoln@tes...| -4.0|
|Jason.Hansen@test...| -1.5|
| Lyn.Hansen@test.com| -2.0|
|Travis.Olson@test...|-11.0|
|John.Khatib@test.com| -9.5|
|Jane.Howard@test.com| 21.0|
|Larry.Gonzalez@te...|-22.0|
|David.Spencer@tes...|  0.5|
|Danny.Hansen@test...| 16.0|
| Gail.Mitra@test.com| -3.5|
|Larry.Sanchez@tes...| -9.0|
+--------------------+-----+

-------------------------------------------
Batch: 131
-------------------------------------------
+--------------------+-----+
|            customer|score|
+--------------------+-----+
|Edward.Phillips@t...|-16.0|
|Spencer.Spencer@t...|  7.5|
|   Bobby.Wu@test.com| -6.0|
|Chris.Khatib@test...|-15.0|
|Lyn.Habschied@tes...| 13.0|
+--------------------+-----+

-------------------------------------------
Batch: 132
-------------------------------------------
+--------------------+-----+
|            customer|score|
+--------------------+-----+
|Craig.Olson@test.com|-15.0|
|Suresh.Aristotle@...|-13.0|
|Suresh.Olson@test...|  5.0|
|Ben.Jefferson@tes...| 10.5|
|Danny.Mitra@test.com| 16.5|
+--------------------+-----+

-------------------------------------------
Batch: 133
-------------------------------------------
+--------------------+-----+
|            customer|score|
+--------------------+-----+
|David.Phillips@te...| -2.5|
|Jacob.Hansen@test...| -1.5|
|Ben.Jackson@test.com| -3.5|
|Edward.Anderson@t...| -0.5|
+--------------------+-----+

-------------------------------------------
Batch: 134
-------------------------------------------
+--------------------+-----+
|            customer|score|
+--------------------+-----+
|Senthil.Hansen@te...| -1.0|
|Gail.Harris@test.com| -0.5|
|Chris.Howard@test...| -2.0|
|Jacob.Lincoln@tes...| -3.5|
|Jason.Hansen@test...| -2.5|
+--------------------+-----+

-------------------------------------------
Batch: 135
-------------------------------------------
+--------------------+-----+
|            customer|score|
+--------------------+-----+
| Lyn.Hansen@test.com| -1.5|
|Travis.Olson@test...| -0.5|
+--------------------+-----+

-------------------------------------------
Batch: 136
-------------------------------------------
+--------------------+-----+
|            customer|score|
+--------------------+-----+
|John.Khatib@test.com| 17.5|
|Jane.Howard@test.com| 31.5|
|Larry.Gonzalez@te...|-48.0|
+--------------------+-----+

-------------------------------------------
Batch: 137
-------------------------------------------
+--------------------+-----+
|            customer|score|
+--------------------+-----+
|David.Spencer@tes...| 10.0|
|Danny.Hansen@test...|  0.0|
| Gail.Mitra@test.com| -9.5|
+--------------------+-----+

-------------------------------------------
Batch: 138
-------------------------------------------
+--------------------+-----+
|            customer|score|
+--------------------+-----+
|Larry.Sanchez@tes...| 15.0|
|Edward.Phillips@t...| -0.5|
|Spencer.Spencer@t...|-10.5|
|   Bobby.Wu@test.com| -9.5|
|Chris.Khatib@test...|-13.0|
|Lyn.Habschied@tes...| 19.0|
|Craig.Olson@test.com|  1.0|
|Suresh.Aristotle@...| 16.0|
|Suresh.Olson@test...|  7.0|
+--------------------+-----+

-------------------------------------------
Batch: 139
-------------------------------------------
+--------------------+-----+
|            customer|score|
+--------------------+-----+
|Ben.Jefferson@tes...| 24.5|
|Danny.Mitra@test.com| 10.5|
|David.Phillips@te...| -2.0|
|Jacob.Hansen@test...| -2.5|
|Ben.Jackson@test.com| -4.0|
|Edward.Anderson@t...| -2.5|
|Senthil.Hansen@te...| -1.0|
|Gail.Harris@test.com|  0.0|
|Chris.Howard@test...| -1.5|
|Jacob.Lincoln@tes...| -2.0|
+--------------------+-----+

-------------------------------------------
Batch: 140
-------------------------------------------
+--------------------+-----+
|            customer|score|
+--------------------+-----+
|Jason.Hansen@test...| -3.5|
| Lyn.Hansen@test.com| -2.5|
|Travis.Olson@test...|-26.0|
|John.Khatib@test.com| 14.0|
|Jane.Howard@test.com| 14.0|
|Larry.Gonzalez@te...| -6.5|
|David.Spencer@tes...| 33.0|
|Danny.Hansen@test...|-19.5|
| Gail.Mitra@test.com|-20.0|
+--------------------+-----+

-------------------------------------------
Batch: 141
-------------------------------------------
+--------------------+-----+
|            customer|score|
+--------------------+-----+
|Larry.Sanchez@tes...| 30.0|
|Edward.Phillips@t...|  5.5|
|Spencer.Spencer@t...| -8.0|
|   Bobby.Wu@test.com|  8.5|
|Chris.Khatib@test...| -1.5|
|Lyn.Habschied@tes...|  3.0|
|Craig.Olson@test.com| -5.0|
+--------------------+-----+

-------------------------------------------
Batch: 142
-------------------------------------------
+--------------------+-----+
|            customer|score|
+--------------------+-----+
|Suresh.Aristotle@...| 18.0|
|Suresh.Olson@test...| 14.5|
|Ben.Jefferson@tes...|  2.0|
+--------------------+-----+

-------------------------------------------
Batch: 143
-------------------------------------------
+--------------------+-----+
|            customer|score|
+--------------------+-----+
|Danny.Mitra@test.com|  4.5|
|David.Phillips@te...| -2.5|
+--------------------+-----+

-------------------------------------------
Batch: 144
-------------------------------------------
+--------------------+-----+
|            customer|score|
+--------------------+-----+
|Jacob.Hansen@test...| -2.5|
|Ben.Jackson@test.com| -4.0|
|Edward.Anderson@t...| -5.0|
|Senthil.Hansen@te...| -2.0|
+--------------------+-----+

-------------------------------------------
Batch: 145
-------------------------------------------
+--------------------+-----+
|            customer|score|
+--------------------+-----+
|Gail.Harris@test.com| -1.5|
|Chris.Howard@test...| -2.0|
|Jacob.Lincoln@tes...| -2.0|
|Jason.Hansen@test...| -2.0|
| Lyn.Hansen@test.com| -4.0|
|Travis.Olson@test...|-10.5|
|John.Khatib@test.com| 25.0|
|Jane.Howard@test.com|  6.0|
|Larry.Gonzalez@te...| 24.5|
+--------------------+-----+

-------------------------------------------
Batch: 146
-------------------------------------------
+--------------------+-----+
|            customer|score|
+--------------------+-----+
|David.Spencer@tes...| -6.5|
|Danny.Hansen@test...| 12.5|
| Gail.Mitra@test.com| -9.0|
|Larry.Sanchez@tes...| 28.0|
|Edward.Phillips@t...| 13.0|
|Spencer.Spencer@t...| 15.5|
|   Bobby.Wu@test.com| 24.5|
|Chris.Khatib@test...|-29.0|
|Lyn.Habschied@tes...| -8.5|
+--------------------+-----+

-------------------------------------------
Batch: 147
-------------------------------------------
+--------------------+-----+
|            customer|score|
+--------------------+-----+
|Craig.Olson@test.com|-15.0|
|Suresh.Aristotle@...| 13.0|
|Suresh.Olson@test...|  5.5|
|Ben.Jefferson@tes...| -9.5|
|Danny.Mitra@test.com|-13.5|
|David.Phillips@te...| -2.5|
|Jacob.Hansen@test...| -2.0|
|Ben.Jackson@test.com| -3.5|
|Edward.Anderson@t...| -5.5|
+--------------------+-----+

-------------------------------------------
Batch: 148
-------------------------------------------
+--------------------+-----+
|            customer|score|
+--------------------+-----+
|Senthil.Hansen@te...| -2.5|
|Gail.Harris@test.com| -3.5|
|Chris.Howard@test...| -3.0|
|Jacob.Lincoln@tes...| -2.0|
|Jason.Hansen@test...| -2.0|
| Lyn.Hansen@test.com| -2.5|
+--------------------+-----+

-------------------------------------------
Batch: 149
-------------------------------------------
+--------------------+-----+
|            customer|score|
+--------------------+-----+
|Travis.Olson@test...| 34.0|
|John.Khatib@test.com| 13.0|
|Jane.Howard@test.com|-22.5|
+--------------------+-----+

-------------------------------------------
Batch: 150
-------------------------------------------
+--------------------+-----+
|            customer|score|
+--------------------+-----+
|Larry.Gonzalez@te...| -9.0|
|David.Spencer@tes...|-26.5|
+--------------------+-----+

-------------------------------------------
Batch: 151
-------------------------------------------
+--------------------+-----+
|            customer|score|
+--------------------+-----+
|Danny.Hansen@test...| 10.0|
| Gail.Mitra@test.com| 15.5|
|Larry.Sanchez@tes...| -4.0|
|Edward.Phillips@t...| 10.5|
|Spencer.Spencer@t...| -8.5|
+--------------------+-----+

-------------------------------------------
Batch: 152
-------------------------------------------
+--------------------+-----+
|            customer|score|
+--------------------+-----+
|   Bobby.Wu@test.com| -1.0|
|Chris.Khatib@test...| -5.5|
|Lyn.Habschied@tes...|-24.0|
|Craig.Olson@test.com| 22.0|
|Suresh.Aristotle@...|  0.0|
|Suresh.Olson@test...|-15.0|
|Ben.Jefferson@tes...| -9.0|
|Danny.Mitra@test.com|-13.0|
+--------------------+-----+

-------------------------------------------
Batch: 153
-------------------------------------------
+--------------------+-----+
|            customer|score|
+--------------------+-----+
|David.Phillips@te...| -1.0|
|Jacob.Hansen@test...| -2.0|
|Ben.Jackson@test.com| -2.5|
|Edward.Anderson@t...| -4.5|
|Senthil.Hansen@te...| -1.0|
|Gail.Harris@test.com| -2.5|
|Chris.Howard@test...| -2.0|
|Jacob.Lincoln@tes...| -3.5|
|Jason.Hansen@test...| -3.5|
+--------------------+-----+

-------------------------------------------
Batch: 154
-------------------------------------------
+--------------------+-----+
|            customer|score|
+--------------------+-----+
| Lyn.Hansen@test.com| -0.5|
|Travis.Olson@test...|  5.5|
|John.Khatib@test.com|-20.5|
|Jane.Howard@test.com|-37.0|
|Larry.Gonzalez@te...|-16.0|
|David.Spencer@tes...| 19.0|
|Danny.Hansen@test...|-15.0|
| Gail.Mitra@test.com|  5.5|
|Larry.Sanchez@tes...|-29.5|
+--------------------+-----+

-------------------------------------------
Batch: 155
-------------------------------------------
+--------------------+-----+
|            customer|score|
+--------------------+-----+
|Edward.Phillips@t...|-33.0|
|Spencer.Spencer@t...|-11.5|
|   Bobby.Wu@test.com|  6.5|
|Chris.Khatib@test...| 24.0|
|Lyn.Habschied@tes...| -1.5|
|Craig.Olson@test.com|  2.5|
+--------------------+-----+

-------------------------------------------
Batch: 156
-------------------------------------------
+--------------------+-----+
|            customer|score|
+--------------------+-----+
|Suresh.Aristotle@...|-23.0|
|Suresh.Olson@test...|-22.5|
|Ben.Jefferson@tes...|  8.0|
+--------------------+-----+

-------------------------------------------
Batch: 157
-------------------------------------------
+--------------------+-----+
|            customer|score|
+--------------------+-----+
|Danny.Mitra@test.com| -1.5|
|David.Phillips@te...| -1.5|
+--------------------+-----+

-------------------------------------------
Batch: 158
-------------------------------------------
+--------------------+-----+
|            customer|score|
+--------------------+-----+
|Jacob.Hansen@test...| -1.5|
|Ben.Jackson@test.com| -1.0|
|Edward.Anderson@t...| -3.0|
|Senthil.Hansen@te...| -0.5|
|Gail.Harris@test.com| -2.0|
|Chris.Howard@test...| -2.5|
+--------------------+-----+

-------------------------------------------
Batch: 159
-------------------------------------------
+--------------------+-----+
|            customer|score|
+--------------------+-----+
|Jacob.Lincoln@tes...| -5.5|
|Jason.Hansen@test...| -3.5|
| Lyn.Hansen@test.com| -0.5|
|Travis.Olson@test...|-23.5|
|John.Khatib@test.com|-26.0|
|Jane.Howard@test.com|-11.5|
|Larry.Gonzalez@te...| 21.5|
|David.Spencer@tes...| 15.5|
|Danny.Hansen@test...|  9.5|
+--------------------+-----+

-------------------------------------------
Batch: 160
-------------------------------------------
+--------------------+-----+
|            customer|score|
+--------------------+-----+
| Gail.Mitra@test.com|-34.0|
|Larry.Sanchez@tes...| -1.0|
|Edward.Phillips@t...| -1.0|
|Spencer.Spencer@t...|  5.5|
|   Bobby.Wu@test.com| 12.0|
|Chris.Khatib@test...|  3.0|
|Lyn.Habschied@tes...| 11.5|
|Craig.Olson@test.com|-30.0|
|Suresh.Aristotle@...|  4.5|
+--------------------+-----+

-------------------------------------------
Batch: 161
-------------------------------------------
+--------------------+-----+
|            customer|score|
+--------------------+-----+
|Suresh.Olson@test...|  2.0|
|Ben.Jefferson@tes...| 19.0|
|Danny.Mitra@test.com|  2.5|
|David.Phillips@te...| -4.5|
|Jacob.Hansen@test...| -2.0|
|Ben.Jackson@test.com| -1.5|
|Edward.Anderson@t...| -1.0|
|Senthil.Hansen@te...| -2.0|
|Gail.Harris@test.com| -4.0|
+--------------------+-----+

-------------------------------------------
Batch: 162
-------------------------------------------
+--------------------+-----+
|            customer|score|
+--------------------+-----+
|Chris.Howard@test...| -4.5|
|Jacob.Lincoln@tes...| -6.0|
|Jason.Hansen@test...| -2.0|
| Lyn.Hansen@test.com| -1.5|
+--------------------+-----+

-------------------------------------------
Batch: 163
-------------------------------------------
+--------------------+-----+
|            customer|score|
+--------------------+-----+
|Travis.Olson@test...|  1.0|
|John.Khatib@test.com| 12.0|
|Jane.Howard@test.com| 13.5|
+--------------------+-----+

-------------------------------------------
Batch: 164
-------------------------------------------
+--------------------+-----+
|            customer|score|
+--------------------+-----+
|Larry.Gonzalez@te...| 33.5|
|David.Spencer@tes...| 11.0|
+--------------------+-----+

-------------------------------------------
Batch: 165
-------------------------------------------
+--------------------+-----+
|            customer|score|
+--------------------+-----+
|Danny.Hansen@test...| -4.5|
| Gail.Mitra@test.com|-12.5|
|Larry.Sanchez@tes...|  9.5|
|Edward.Phillips@t...| 26.0|
|Spencer.Spencer@t...|  6.0|
|   Bobby.Wu@test.com| -9.5|
|Chris.Khatib@test...|  6.0|
|Lyn.Habschied@tes...|  0.0|
|Craig.Olson@test.com|  1.0|
+--------------------+-----+

-------------------------------------------
Batch: 166
-------------------------------------------
+--------------------+-----+
|            customer|score|
+--------------------+-----+
|Suresh.Aristotle@...| 25.5|
|Suresh.Olson@test...| 32.0|
|Ben.Jefferson@tes...| 10.5|
|Danny.Mitra@test.com| 16.0|
|David.Phillips@te...| -4.5|
|Jacob.Hansen@test...| -3.5|
|Ben.Jackson@test.com| -4.5|
|Edward.Anderson@t...| -1.0|
|Senthil.Hansen@te...| -2.5|
|Gail.Harris@test.com| -4.0|
+--------------------+-----+

-------------------------------------------
Batch: 167
-------------------------------------------
+--------------------+-----+
|            customer|score|
+--------------------+-----+
|Chris.Howard@test...| -5.0|
|Jacob.Lincoln@tes...| -5.5|
|Jason.Hansen@test...| -0.5|
| Lyn.Hansen@test.com| -3.0|
|Travis.Olson@test...| -8.5|
|John.Khatib@test.com|  7.0|
|Jane.Howard@test.com| 31.5|
|Larry.Gonzalez@te...| -1.5|
|David.Spencer@tes...| -2.5|
+--------------------+-----+

-------------------------------------------
Batch: 168
-------------------------------------------
+--------------------+-----+
|            customer|score|
+--------------------+-----+
|Danny.Hansen@test...|-33.5|
| Gail.Mitra@test.com| 18.0|
|Larry.Sanchez@tes...|-22.0|
|Edward.Phillips@t...| -0.5|
|Spencer.Spencer@t...| 14.0|
|   Bobby.Wu@test.com|-25.0|
|Chris.Khatib@test...|  7.5|
|Lyn.Habschied@tes...| 10.0|
+--------------------+-----+

-------------------------------------------
Batch: 169
-------------------------------------------
+--------------------+-----+
|            customer|score|
+--------------------+-----+
|Craig.Olson@test.com|  5.5|
|Suresh.Aristotle@...| -0.5|
+--------------------+-----+

-------------------------------------------
Batch: 170
-------------------------------------------
+--------------------+-----+
|            customer|score|
+--------------------+-----+
|Suresh.Olson@test...|  0.0|
|Ben.Jefferson@tes...|-12.0|
+--------------------+-----+

-------------------------------------------
Batch: 171
-------------------------------------------
+--------------------+-----+
|            customer|score|
+--------------------+-----+
|Danny.Mitra@test.com| -2.5|
|David.Phillips@te...| -2.0|
|Jacob.Hansen@test...| -4.5|
+--------------------+-----+

-------------------------------------------
Batch: 172
-------------------------------------------
+--------------------+-----+
|            customer|score|
+--------------------+-----+
|Ben.Jackson@test.com| -4.5|
|Edward.Anderson@t...| -3.0|
|Senthil.Hansen@te...| -1.0|
|Gail.Harris@test.com| -2.5|
|Chris.Howard@test...| -5.0|
|Jacob.Lincoln@tes...| -5.0|
|Jason.Hansen@test...| -1.0|
| Lyn.Hansen@test.com| -4.5|
|Travis.Olson@test...|-29.5|
+--------------------+-----+

-------------------------------------------
Batch: 173
-------------------------------------------
+--------------------+-----+
|            customer|score|
+--------------------+-----+
|John.Khatib@test.com|-17.0|
|Jane.Howard@test.com| 17.0|
|Larry.Gonzalez@te...|-25.5|
|David.Spencer@tes...|-21.0|
|Danny.Hansen@test...| 10.0|
| Gail.Mitra@test.com|-15.5|
|Larry.Sanchez@tes...|-10.5|
|Edward.Phillips@t...| 19.0|
+--------------------+-----+

-------------------------------------------
Batch: 174
-------------------------------------------
+--------------------+-----+
|            customer|score|
+--------------------+-----+
|Spencer.Spencer@t...| -5.0|
|   Bobby.Wu@test.com|  3.0|
|Chris.Khatib@test...|  1.5|
|Lyn.Habschied@tes...|  6.0|
|Craig.Olson@test.com|  8.0|
|Suresh.Aristotle@...| -4.5|
|Suresh.Olson@test...|-35.0|
|Ben.Jefferson@tes...|-31.5|
|Danny.Mitra@test.com|-25.5|
+--------------------+-----+

-------------------------------------------
Batch: 175
-------------------------------------------
+--------------------+-----+
|            customer|score|
+--------------------+-----+
|David.Phillips@te...| -1.5|
|Jacob.Hansen@test...| -4.5|
|Ben.Jackson@test.com| -2.0|
|Edward.Anderson@t...| -3.0|
|Senthil.Hansen@te...|  0.0|
|Gail.Harris@test.com| -2.5|
|Chris.Howard@test...| -3.5|
|Jacob.Lincoln@tes...| -5.5|
+--------------------+-----+

-------------------------------------------
Batch: 176
-------------------------------------------
+--------------------+-----+
|            customer|score|
+--------------------+-----+
|Jason.Hansen@test...| -2.5|
| Lyn.Hansen@test.com| -4.0|
+--------------------+-----+

-------------------------------------------
Batch: 177
-------------------------------------------
+--------------------+-----+
|            customer|score|
+--------------------+-----+
|Travis.Olson@test...| 13.5|
|John.Khatib@test.com|  1.5|
+--------------------+-----+

-------------------------------------------
Batch: 178
-------------------------------------------
+--------------------+-----+
|            customer|score|
+--------------------+-----+
|Jane.Howard@test.com|-14.5|
|Larry.Gonzalez@te...|-22.5|
|David.Spencer@tes...| -1.0|
|Danny.Hansen@test...| 35.0|
+--------------------+-----+

-------------------------------------------
Batch: 179
-------------------------------------------
+--------------------+-----+
|            customer|score|
+--------------------+-----+
| Gail.Mitra@test.com|-17.5|
|Larry.Sanchez@tes...| 31.0|
|Edward.Phillips@t...| 20.0|
|Spencer.Spencer@t...| -9.0|
|   Bobby.Wu@test.com| 24.0|
|Chris.Khatib@test...| 22.5|
|Lyn.Habschied@tes...| -4.0|
|Craig.Olson@test.com| 29.0|
|Suresh.Aristotle@...|  5.5|
+--------------------+-----+

-------------------------------------------
Batch: 180
-------------------------------------------
+--------------------+-----+
|            customer|score|
+--------------------+-----+
|Suresh.Olson@test...| -3.5|
|Ben.Jefferson@tes...|  7.5|
|Danny.Mitra@test.com|  1.5|
|David.Phillips@te...| -1.5|
|Jacob.Hansen@test...| -3.5|
|Ben.Jackson@test.com| -2.5|
|Edward.Anderson@t...| -1.0|
|Senthil.Hansen@te...| -0.5|
+--------------------+-----+

-------------------------------------------
Batch: 181
-------------------------------------------
+--------------------+-----+
|            customer|score|
+--------------------+-----+
|Gail.Harris@test.com| -3.0|
|Chris.Howard@test...| -2.5|
|Jacob.Lincoln@tes...| -4.5|
|Jason.Hansen@test...| -3.5|
| Lyn.Hansen@test.com| -2.0|
|Travis.Olson@test...| 47.0|
|John.Khatib@test.com|  9.5|
|Jane.Howard@test.com|-35.0|
|Larry.Gonzalez@te...|  8.0|
+--------------------+-----+

-------------------------------------------
Batch: 182
-------------------------------------------
+--------------------+-----+
|            customer|score|
+--------------------+-----+
|David.Spencer@tes...|  8.0|
|Danny.Hansen@test...|  5.5|
| Gail.Mitra@test.com| 20.0|
|Larry.Sanchez@tes...|  8.0|
|Edward.Phillips@t...|  0.5|
|Spencer.Spencer@t...| 20.5|
|   Bobby.Wu@test.com|-15.0|
|Chris.Khatib@test...| -3.0|
+--------------------+-----+

-------------------------------------------
Batch: 183
-------------------------------------------
+--------------------+-----+
|            customer|score|
+--------------------+-----+
|Lyn.Habschied@tes...|-20.5|
|Craig.Olson@test.com| -1.5|
+--------------------+-----+

-------------------------------------------
Batch: 184
-------------------------------------------
+--------------------+-----+
|            customer|score|
+--------------------+-----+
|Suresh.Aristotle@...| -2.0|
|Suresh.Olson@test...| 24.5|
|Ben.Jefferson@tes...| 34.5|
+--------------------+-----+

-------------------------------------------
Batch: 185
-------------------------------------------
+--------------------+-----+
|            customer|score|
+--------------------+-----+
|Danny.Mitra@test.com| 32.0|
|David.Phillips@te...| -2.0|
|Jacob.Hansen@test...| -2.5|
+--------------------+-----+

-------------------------------------------
Batch: 186
-------------------------------------------
+--------------------+-----+
|            customer|score|
+--------------------+-----+
|Ben.Jackson@test.com| -5.0|
|Edward.Anderson@t...| -0.5|
|Senthil.Hansen@te...| -1.5|
|Gail.Harris@test.com| -2.0|
|Chris.Howard@test...| -4.5|
|Jacob.Lincoln@tes...| -3.0|
|Jason.Hansen@test...| -4.0|
| Lyn.Hansen@test.com| -1.5|
|Travis.Olson@test...| -2.0|
+--------------------+-----+

-------------------------------------------
Batch: 187
-------------------------------------------
+--------------------+-----+
|            customer|score|
+--------------------+-----+
|John.Khatib@test.com| 19.5|
|Jane.Howard@test.com|-23.0|
|Larry.Gonzalez@te...| 19.0|
|David.Spencer@tes...| 10.0|
|Danny.Hansen@test...| -4.0|
| Gail.Mitra@test.com| 12.5|
+--------------------+-----+

-------------------------------------------
Batch: 188
-------------------------------------------
+--------------------+-----+
|            customer|score|
+--------------------+-----+
|Larry.Sanchez@tes...|-14.5|
|Edward.Phillips@t...|-12.0|
|Spencer.Spencer@t...|  9.0|
|   Bobby.Wu@test.com|-30.5|
|Chris.Khatib@test...|-49.0|
|Lyn.Habschied@tes...| 10.5|
|Craig.Olson@test.com|-25.0|
|Suresh.Aristotle@...|  8.5|
|Suresh.Olson@test...| 13.5|
+--------------------+-----+

-------------------------------------------
Batch: 189
-------------------------------------------
+--------------------+-----+
|            customer|score|
+--------------------+-----+
|Ben.Jefferson@tes...|-10.0|
|Danny.Mitra@test.com|  5.0|
|David.Phillips@te...| -3.5|
|Jacob.Hansen@test...| -2.0|
|Ben.Jackson@test.com| -5.0|
|Edward.Anderson@t...| -2.0|
|Senthil.Hansen@te...| -2.0|
|Gail.Harris@test.com| -0.5|
+--------------------+-----+

-------------------------------------------
Batch: 190
-------------------------------------------
+--------------------+-----+
|            customer|score|
+--------------------+-----+
|Chris.Howard@test...| -5.0|
|Jacob.Lincoln@tes...| -3.0|
|Jason.Hansen@test...| -3.0|
+--------------------+-----+

-------------------------------------------
Batch: 191
-------------------------------------------
+--------------------+-----+
|            customer|score|
+--------------------+-----+
| Lyn.Hansen@test.com| -2.5|
|Travis.Olson@test...|-26.0|
+--------------------+-----+

-------------------------------------------
Batch: 192
-------------------------------------------
+--------------------+-----+
|            customer|score|
+--------------------+-----+
|John.Khatib@test.com| 21.0|
|Jane.Howard@test.com| -6.0|
|Larry.Gonzalez@te...| -2.0|
+--------------------+-----+

-------------------------------------------
Batch: 193
-------------------------------------------
+--------------------+-----+
|            customer|score|
+--------------------+-----+
|David.Spencer@tes...|  8.0|
|Danny.Hansen@test...|-14.5|
| Gail.Mitra@test.com|-13.0|
|Larry.Sanchez@tes...| 21.0|
|Edward.Phillips@t...|-29.5|
|Spencer.Spencer@t...|-28.5|
|   Bobby.Wu@test.com|-10.0|
|Chris.Khatib@test...|-16.5|
+--------------------+-----+

-------------------------------------------
Batch: 194
-------------------------------------------
+--------------------+-----+
|            customer|score|
+--------------------+-----+
|Lyn.Habschied@tes...| 20.5|
|Craig.Olson@test.com|  2.0|
|Suresh.Aristotle@...| -3.0|
|Suresh.Olson@test...|  8.0|
|Ben.Jefferson@tes...|-36.5|
|Danny.Mitra@test.com|-18.5|
|David.Phillips@te...| -3.5|
|Jacob.Hansen@test...| -2.5|
|Ben.Jackson@test.com| -4.0|
+--------------------+-----+

-------------------------------------------
Batch: 195
-------------------------------------------
+--------------------+-----+
|            customer|score|
+--------------------+-----+
|Edward.Anderson@t...| -4.0|
|Senthil.Hansen@te...| -1.5|
|Gail.Harris@test.com|  0.0|
|Chris.Howard@test...| -3.5|
|Jacob.Lincoln@tes...| -1.5|
|Jason.Hansen@test...| -2.0|
| Lyn.Hansen@test.com| -3.0|
|Travis.Olson@test...| 21.0|
+--------------------+-----+

-------------------------------------------
Batch: 196
-------------------------------------------
+--------------------+-----+
|            customer|score|
+--------------------+-----+
|John.Khatib@test.com| -0.5|
|Jane.Howard@test.com| -5.5|
|Larry.Gonzalez@te...|  9.0|
|David.Spencer@tes...|-17.0|
|Danny.Hansen@test...|-23.0|
| Gail.Mitra@test.com| -0.5|
|Larry.Sanchez@tes...| 19.5|
|Edward.Phillips@t...|-25.0|
+--------------------+-----+

-------------------------------------------
Batch: 197
-------------------------------------------
+--------------------+-----+
|            customer|score|
+--------------------+-----+
|Spencer.Spencer@t...|-17.0|
|   Bobby.Wu@test.com| -7.5|
|Chris.Khatib@test...| 28.0|
+--------------------+-----+

-------------------------------------------
Batch: 198
-------------------------------------------
+--------------------+-----+
|            customer|score|
+--------------------+-----+
|Lyn.Habschied@tes...|-28.5|
|Craig.Olson@test.com|  4.0|
+--------------------+-----+

-------------------------------------------
Batch: 199
-------------------------------------------
+--------------------+-----+
|            customer|score|
+--------------------+-----+
|Suresh.Aristotle@...|-20.5|
|Suresh.Olson@test...|-15.5|
+--------------------+-----+

-------------------------------------------
Batch: 200
-------------------------------------------
+--------------------+-----+
|            customer|score|
+--------------------+-----+
|Ben.Jefferson@tes...| -3.5|
|Danny.Mitra@test.com| 11.0|
|David.Phillips@te...| -4.0|
|Jacob.Hansen@test...| -3.5|
|Ben.Jackson@test.com| -4.0|
|Edward.Anderson@t...| -5.0|
+--------------------+-----+

-------------------------------------------
Batch: 201
-------------------------------------------
+--------------------+-----+
|            customer|score|
+--------------------+-----+
|Senthil.Hansen@te...| -1.5|
|Gail.Harris@test.com| -1.0|
|Chris.Howard@test...| -4.0|
|Jacob.Lincoln@tes...| -1.0|
|Jason.Hansen@test...| -1.5|
| Lyn.Hansen@test.com| -2.5|
|Travis.Olson@test...| 18.0|
|John.Khatib@test.com|-27.5|
|Jane.Howard@test.com|  8.5|
+--------------------+-----+

-------------------------------------------
Batch: 202
-------------------------------------------
+--------------------+-----+
|            customer|score|
+--------------------+-----+
|Larry.Gonzalez@te...|  7.0|
|David.Spencer@tes...|-19.5|
|Danny.Hansen@test...|  8.5|
| Gail.Mitra@test.com| 12.5|
|Larry.Sanchez@tes...|-18.5|
|Edward.Phillips@t...| -9.0|
|Spencer.Spencer@t...| 32.5|
|   Bobby.Wu@test.com|  7.0|
|Chris.Khatib@test...|  9.5|
+--------------------+-----+

-------------------------------------------
Batch: 203
-------------------------------------------
+--------------------+-----+
|            customer|score|
+--------------------+-----+
|Lyn.Habschied@tes...|-11.0|
|Craig.Olson@test.com| -6.5|
|Suresh.Aristotle@...|  1.5|
|Suresh.Olson@test...|-45.0|
|Ben.Jefferson@tes...| 24.5|
|Danny.Mitra@test.com| 19.5|
|David.Phillips@te...| -5.5|
|Jacob.Hansen@test...| -5.0|
|Ben.Jackson@test.com| -3.5|
+--------------------+-----+

-------------------------------------------
Batch: 204
-------------------------------------------
+--------------------+-----+
|            customer|score|
+--------------------+-----+
|Edward.Anderson@t...| -4.0|
|Senthil.Hansen@te...| -3.0|
|Gail.Harris@test.com| -3.0|
|Chris.Howard@test...| -4.5|
+--------------------+-----+

-------------------------------------------
Batch: 205
-------------------------------------------
+--------------------+-----+
|            customer|score|
+--------------------+-----+
|Jacob.Lincoln@tes...| -2.0|
|Jason.Hansen@test...| -2.0|
| Lyn.Hansen@test.com| -2.5|
+--------------------+-----+

-------------------------------------------
Batch: 206
-------------------------------------------
