Spark Command: /usr/lib/jvm/java-8-openjdk-amd64/jre/bin/java -cp /opt/spark-2.3.4-bin-hadoop2.7/conf/:/opt/spark-2.3.4-bin-hadoop2.7/jars/* -Xmx1g org.apache.spark.deploy.worker.Worker --webui-port 8081 spark://60fa1d2a4d8f5eb70e6c9acbaeaf466e9156d9de-6cd67654d8-2spjt:7077
========================================
2023-10-26 01:31:59 INFO  Worker:2612 - Started daemon with process name: 2147@60fa1d2a4d8f5eb70e6c9acbaeaf466e9156d9de-6cd67654d8-2spjt
2023-10-26 01:31:59 INFO  SignalUtils:54 - Registered signal handler for TERM
2023-10-26 01:31:59 INFO  SignalUtils:54 - Registered signal handler for HUP
2023-10-26 01:31:59 INFO  SignalUtils:54 - Registered signal handler for INT
2023-10-26 01:32:01 WARN  NativeCodeLoader:62 - Unable to load native-hadoop library for your platform... using builtin-java classes where applicable
2023-10-26 01:32:01 INFO  SecurityManager:54 - Changing view acls to: root
2023-10-26 01:32:01 INFO  SecurityManager:54 - Changing modify acls to: root
2023-10-26 01:32:01 INFO  SecurityManager:54 - Changing view acls groups to: 
2023-10-26 01:32:01 INFO  SecurityManager:54 - Changing modify acls groups to: 
2023-10-26 01:32:01 INFO  SecurityManager:54 - SecurityManager: authentication disabled; ui acls disabled; users  with view permissions: Set(root); groups with view permissions: Set(); users  with modify permissions: Set(root); groups with modify permissions: Set()
2023-10-26 01:32:02 INFO  Utils:54 - Successfully started service 'sparkWorker' on port 46001.
2023-10-26 01:32:03 INFO  Worker:54 - Starting Spark worker 10.124.13.70:46001 with 16 cores, 124.8 GB RAM
2023-10-26 01:32:03 INFO  Worker:54 - Running Spark version 2.3.4
2023-10-26 01:32:03 INFO  Worker:54 - Spark home: /opt/spark-2.3.4-bin-hadoop2.7
2023-10-26 01:32:03 INFO  log:192 - Logging initialized @4995ms
2023-10-26 01:32:03 INFO  Server:351 - jetty-9.3.z-SNAPSHOT, build timestamp: unknown, git hash: unknown
2023-10-26 01:32:03 INFO  Server:419 - Started @5098ms
2023-10-26 01:32:03 WARN  Utils:66 - Service 'WorkerUI' could not bind on port 8081. Attempting port 8082.
2023-10-26 01:32:03 WARN  Utils:66 - Service 'WorkerUI' could not bind on port 8082. Attempting port 8083.
2023-10-26 01:32:03 WARN  Utils:66 - Service 'WorkerUI' could not bind on port 8083. Attempting port 8084.
2023-10-26 01:32:03 INFO  AbstractConnector:278 - Started ServerConnector@5e29f58b{HTTP/1.1,[http/1.1]}{0.0.0.0:8084}
2023-10-26 01:32:03 INFO  Utils:54 - Successfully started service 'WorkerUI' on port 8084.
2023-10-26 01:32:03 INFO  ContextHandler:781 - Started o.s.j.s.ServletContextHandler@635a39ba{/logPage,null,AVAILABLE,@Spark}
2023-10-26 01:32:03 INFO  ContextHandler:781 - Started o.s.j.s.ServletContextHandler@1669deb{/logPage/json,null,AVAILABLE,@Spark}
2023-10-26 01:32:03 INFO  ContextHandler:781 - Started o.s.j.s.ServletContextHandler@27d855c3{/,null,AVAILABLE,@Spark}
2023-10-26 01:32:03 INFO  ContextHandler:781 - Started o.s.j.s.ServletContextHandler@4ec8792b{/json,null,AVAILABLE,@Spark}
2023-10-26 01:32:03 INFO  ContextHandler:781 - Started o.s.j.s.ServletContextHandler@7bf43cdc{/static,null,AVAILABLE,@Spark}
2023-10-26 01:32:03 INFO  ContextHandler:781 - Started o.s.j.s.ServletContextHandler@21961f0e{/log,null,AVAILABLE,@Spark}
2023-10-26 01:32:03 INFO  WorkerWebUI:54 - Bound WorkerWebUI to 0.0.0.0, and started at http://60fa1d2a4d8f5eb70e6c9acbaeaf466e9156d9de-6cd67654d8-2spjt:8084
2023-10-26 01:32:03 INFO  Worker:54 - Connecting to master 60fa1d2a4d8f5eb70e6c9acbaeaf466e9156d9de-6cd67654d8-2spjt:7077...
2023-10-26 01:32:03 INFO  ContextHandler:781 - Started o.s.j.s.ServletContextHandler@1c988c89{/metrics/json,null,AVAILABLE,@Spark}
2023-10-26 01:32:04 INFO  TransportClientFactory:267 - Successfully created connection to 60fa1d2a4d8f5eb70e6c9acbaeaf466e9156d9de-6cd67654d8-2spjt/10.124.13.70:7077 after 207 ms (0 ms spent in bootstraps)
2023-10-26 01:32:04 INFO  Worker:54 - Successfully registered with master spark://60fa1d2a4d8f5eb70e6c9acbaeaf466e9156d9de-6cd67654d8-2spjt:7077
