Spark Command: /usr/lib/jvm/java-8-openjdk-amd64/jre/bin/java -cp /opt/spark-2.3.4-bin-hadoop2.7/conf/:/opt/spark-2.3.4-bin-hadoop2.7/jars/* -Xmx1g org.apache.spark.deploy.master.Master --host 60fa1d2a4d8f5eb70e6c9acbaeaf466e9156d9de-6cd67654d8-2spjt --port 7077 --webui-port 8080
========================================
2023-10-26 01:18:25 INFO  Master:2612 - Started daemon with process name: 1880@60fa1d2a4d8f5eb70e6c9acbaeaf466e9156d9de-6cd67654d8-2spjt
2023-10-26 01:18:25 INFO  SignalUtils:54 - Registered signal handler for TERM
2023-10-26 01:18:25 INFO  SignalUtils:54 - Registered signal handler for HUP
2023-10-26 01:18:25 INFO  SignalUtils:54 - Registered signal handler for INT
2023-10-26 01:18:26 WARN  NativeCodeLoader:62 - Unable to load native-hadoop library for your platform... using builtin-java classes where applicable
2023-10-26 01:18:26 INFO  SecurityManager:54 - Changing view acls to: root
2023-10-26 01:18:26 INFO  SecurityManager:54 - Changing modify acls to: root
2023-10-26 01:18:26 INFO  SecurityManager:54 - Changing view acls groups to: 
2023-10-26 01:18:26 INFO  SecurityManager:54 - Changing modify acls groups to: 
2023-10-26 01:18:26 INFO  SecurityManager:54 - SecurityManager: authentication disabled; ui acls disabled; users  with view permissions: Set(root); groups with view permissions: Set(); users  with modify permissions: Set(root); groups with modify permissions: Set()
2023-10-26 01:18:27 INFO  Utils:54 - Successfully started service 'sparkMaster' on port 7077.
2023-10-26 01:18:27 INFO  Master:54 - Starting Spark master at spark://60fa1d2a4d8f5eb70e6c9acbaeaf466e9156d9de-6cd67654d8-2spjt:7077
2023-10-26 01:18:27 INFO  Master:54 - Running Spark version 2.3.4
2023-10-26 01:18:27 INFO  log:192 - Logging initialized @4305ms
2023-10-26 01:18:27 INFO  Server:351 - jetty-9.3.z-SNAPSHOT, build timestamp: unknown, git hash: unknown
2023-10-26 01:18:28 INFO  Server:419 - Started @4504ms
2023-10-26 01:18:28 INFO  AbstractConnector:278 - Started ServerConnector@2694951c{HTTP/1.1,[http/1.1]}{0.0.0.0:8080}
2023-10-26 01:18:28 INFO  Utils:54 - Successfully started service 'MasterUI' on port 8080.
2023-10-26 01:18:28 INFO  ContextHandler:781 - Started o.s.j.s.ServletContextHandler@61790a81{/app,null,AVAILABLE,@Spark}
2023-10-26 01:18:28 INFO  ContextHandler:781 - Started o.s.j.s.ServletContextHandler@86cfad4{/app/json,null,AVAILABLE,@Spark}
2023-10-26 01:18:28 INFO  ContextHandler:781 - Started o.s.j.s.ServletContextHandler@148470f9{/,null,AVAILABLE,@Spark}
2023-10-26 01:18:28 INFO  ContextHandler:781 - Started o.s.j.s.ServletContextHandler@2217e15a{/json,null,AVAILABLE,@Spark}
2023-10-26 01:18:28 INFO  ContextHandler:781 - Started o.s.j.s.ServletContextHandler@4d421596{/static,null,AVAILABLE,@Spark}
2023-10-26 01:18:28 INFO  ContextHandler:781 - Started o.s.j.s.ServletContextHandler@234ffe82{/app/kill,null,AVAILABLE,@Spark}
2023-10-26 01:18:28 INFO  ContextHandler:781 - Started o.s.j.s.ServletContextHandler@27e2d1b4{/driver/kill,null,AVAILABLE,@Spark}
2023-10-26 01:18:28 INFO  MasterWebUI:54 - Bound MasterWebUI to 0.0.0.0, and started at http://60fa1d2a4d8f5eb70e6c9acbaeaf466e9156d9de-6cd67654d8-2spjt:8080
2023-10-26 01:18:28 INFO  Server:351 - jetty-9.3.z-SNAPSHOT, build timestamp: unknown, git hash: unknown
2023-10-26 01:18:28 INFO  ContextHandler:781 - Started o.s.j.s.ServletContextHandler@3d5d6dca{/,null,AVAILABLE}
2023-10-26 01:18:28 INFO  AbstractConnector:278 - Started ServerConnector@4f2b2757{HTTP/1.1,[http/1.1]}{60fa1d2a4d8f5eb70e6c9acbaeaf466e9156d9de-6cd67654d8-2spjt:6066}
2023-10-26 01:18:28 INFO  Server:419 - Started @5110ms
2023-10-26 01:18:28 INFO  Utils:54 - Successfully started service on port 6066.
2023-10-26 01:18:28 INFO  StandaloneRestServer:54 - Started REST server for submitting applications on port 6066
2023-10-26 01:18:29 INFO  ContextHandler:781 - Started o.s.j.s.ServletContextHandler@2fed6881{/metrics/master/json,null,AVAILABLE,@Spark}
2023-10-26 01:18:29 INFO  ContextHandler:781 - Started o.s.j.s.ServletContextHandler@347983c7{/metrics/applications/json,null,AVAILABLE,@Spark}
2023-10-26 01:18:29 INFO  Master:54 - I have been elected leader! New state: ALIVE
